{"level":"info","message":"MongoDB connected successfully","timestamp":"2026-04-04T13:24:46.798Z"}
{"level":"info","message":"Server running on port 5000","timestamp":"2026-04-04T13:24:46.800Z"}
{"level":"info","message":"MongoDB connected successfully","timestamp":"2026-04-04T13:33:02.702Z"}
{"level":"info","message":"Server running on port 5000","timestamp":"2026-04-04T13:33:02.703Z"}
{"level":"info","message":"MongoDB connected successfully","timestamp":"2026-04-04T17:18:26.159Z"}
{"level":"info","message":"Server running on port 5000","timestamp":"2026-04-04T17:18:26.164Z"}
{"level":"info","message":"MongoDB connected successfully","timestamp":"2026-04-04T17:18:47.693Z"}
{"level":"info","message":"Server running on port 5000","timestamp":"2026-04-04T17:18:47.694Z"}
{"level":"info","message":"Server running on port 5000","timestamp":"2026-04-04T17:28:33.135Z"}
{"level":"info","message":"MongoDB connected successfully","timestamp":"2026-04-04T17:28:33.144Z"}
{"level":"info","message":"New user registered: yuvraj@gmail.com","timestamp":"2026-04-04T17:28:45.854Z"}
{"level":"info","message":"User logged in: yuvraj@gmail.com","timestamp":"2026-04-04T17:33:32.106Z"}
{"level":"info","message":"Server running on port 5000","timestamp":"2026-04-04T17:35:27.867Z"}
{"level":"info","message":"MongoDB connected successfully","timestamp":"2026-04-04T17:35:27.881Z"}
{"level":"info","message":"Server running on port 5000","timestamp":"2026-04-04T19:00:23.392Z"}
{"level":"info","message":"MongoDB connected successfully","timestamp":"2026-04-04T19:00:23.404Z"}
{"level":"info","message":"Server running on port 5000","timestamp":"2026-04-04T19:01:04.123Z"}
{"level":"info","message":"MongoDB connected successfully","timestamp":"2026-04-04T19:01:04.133Z"}
{"level":"info","message":"New expense added by user: 69d14a4d3edd0597c7109357, amount: 500, category: Food","timestamp":"2026-04-04T19:01:28.774Z"}
{"level":"info","message":"Server running on port 5000","timestamp":"2026-04-04T19:04:56.231Z"}
{"level":"info","message":"MongoDB connected successfully","timestamp":"2026-04-04T19:04:56.243Z"}
{"level":"info","message":"Server running on port 5000","timestamp":"2026-04-04T19:05:24.858Z"}
{"level":"info","message":"MongoDB connected successfully","timestamp":"2026-04-04T19:05:24.869Z"}
{"level":"info","message":"Server running on port 5000","timestamp":"2026-04-04T19:05:35.942Z"}
{"level":"info","message":"MongoDB connected successfully","timestamp":"2026-04-04T19:05:35.951Z"}
{"level":"info","message":"Server running on port 5000","timestamp":"2026-04-04T19:06:12.754Z"}
{"level":"info","message":"MongoDB connected successfully","timestamp":"2026-04-04T19:06:12.764Z"}
{"level":"info","message":"Server running on port 5000","timestamp":"2026-04-04T19:06:23.969Z"}
{"level":"info","message":"MongoDB connected successfully","timestamp":"2026-04-04T19:06:23.977Z"}
{"level":"info","message":"Server running on port 5000","timestamp":"2026-04-04T19:06:29.191Z"}
{"level":"info","message":"MongoDB connected successfully","timestamp":"2026-04-04T19:06:29.199Z"}
{"level":"info","message":"Server running on port 5000","timestamp":"2026-04-04T19:06:34.319Z"}
{"level":"info","message":"MongoDB connected successfully","timestamp":"2026-04-04T19:06:34.326Z"}
{"level":"info","message":"Server running on port 5000","timestamp":"2026-04-04T19:06:47.276Z"}
{"level":"info","message":"MongoDB connected successfully","timestamp":"2026-04-04T19:06:47.285Z"}
{"level":"info","message":"Budget set for user: 69d14a4d3edd0597c7109357, category: Food, limit: 3000","timestamp":"2026-04-04T19:09:30.590Z"}
{"level":"info","message":"Server running on port 5000","timestamp":"2026-04-04T19:21:11.566Z"}
{"level":"info","message":"MongoDB connected successfully","timestamp":"2026-04-04T19:21:11.582Z"}
{"level":"info","message":"Server running on port 5000","timestamp":"2026-04-04T19:21:55.656Z"}
{"level":"info","message":"MongoDB connected successfully","timestamp":"2026-04-04T19:21:55.667Z"}
{"level":"info","message":"Server running on port 5000","timestamp":"2026-04-04T19:22:25.641Z"}
{"level":"info","message":"MongoDB connected successfully","timestamp":"2026-04-04T19:22:25.651Z"}
{"level":"info","message":"Server running on port 5000","timestamp":"2026-04-04T19:22:43.159Z"}
{"level":"info","message":"MongoDB connected successfully","timestamp":"2026-04-04T19:22:43.171Z"}
{"level":"info","message":"Server running on port 5000","timestamp":"2026-04-04T19:22:52.657Z"}
{"level":"info","message":"MongoDB connected successfully","timestamp":"2026-04-04T19:22:52.668Z"}
{"level":"info","message":"Server running on port 5000","timestamp":"2026-04-04T19:23:11.091Z"}
{"level":"info","message":"MongoDB connected successfully","timestamp":"2026-04-04T19:23:11.100Z"}
{"level":"info","message":"Server running on port 5000","timestamp":"2026-04-04T19:23:47.208Z"}
{"level":"info","message":"MongoDB connected successfully","timestamp":"2026-04-04T19:23:47.222Z"}
{"level":"info","message":"Server running on port 5000","timestamp":"2026-04-04T19:24:09.266Z"}
{"level":"info","message":"MongoDB connected successfully","timestamp":"2026-04-04T19:24:09.276Z"}
{"level":"info","message":"Server running on port 5000","timestamp":"2026-04-04T19:24:22.427Z"}
{"level":"info","message":"MongoDB connected successfully","timestamp":"2026-04-04T19:24:22.437Z"}
{"level":"info","message":"Server running on port 5000","timestamp":"2026-04-04T19:24:27.268Z"}
{"level":"info","message":"MongoDB connected successfully","timestamp":"2026-04-04T19:24:27.276Z"}
{"level":"info","message":"Server running on port 5000","timestamp":"2026-04-04T19:24:31.032Z"}
{"level":"info","message":"MongoDB connected successfully","timestamp":"2026-04-04T19:24:31.040Z"}
{"level":"info","message":"Server running on port 5000","timestamp":"2026-04-04T19:24:40.687Z"}
{"level":"info","message":"MongoDB connected successfully","timestamp":"2026-04-04T19:24:40.699Z"}
{"level":"info","message":"Server running on port 5000","timestamp":"2026-04-04T19:25:08.657Z"}
{"level":"info","message":"MongoDB connected successfully","timestamp":"2026-04-04T19:25:08.667Z"}
{"level":"info","message":"Server running on port 5000","timestamp":"2026-04-04T19:26:24.949Z"}
{"level":"info","message":"MongoDB connected successfully","timestamp":"2026-04-04T19:26:24.958Z"}
{"level":"info","message":"Server running on port 5000","timestamp":"2026-04-04T19:26:54.366Z"}
{"level":"info","message":"MongoDB connected successfully","timestamp":"2026-04-04T19:26:54.377Z"}
{"level":"info","message":"Server running on port 5000","timestamp":"2026-04-04T19:27:07.352Z"}
{"level":"info","message":"MongoDB connected successfully","timestamp":"2026-04-04T19:27:07.361Z"}
{"level":"info","message":"Server running on port 5000","timestamp":"2026-04-04T19:27:17.329Z"}
{"level":"info","message":"MongoDB connected successfully","timestamp":"2026-04-04T19:27:17.338Z"}
{"level":"info","message":"Server running on port 5000","timestamp":"2026-04-04T19:27:37.592Z"}
{"level":"info","message":"MongoDB connected successfully","timestamp":"2026-04-04T19:27:37.601Z"}
{"level":"info","message":"Server running on port 5000","timestamp":"2026-04-04T19:28:29.072Z"}
{"level":"info","message":"MongoDB connected successfully","timestamp":"2026-04-04T19:28:29.082Z"}
{"level":"info","message":"Server running on port 5000","timestamp":"2026-04-04T19:28:55.397Z"}
{"level":"info","message":"MongoDB connected successfully","timestamp":"2026-04-04T19:28:55.409Z"}
{"level":"info","message":"Server running on port 5000","timestamp":"2026-04-04T19:29:09.354Z"}
{"level":"info","message":"MongoDB connected successfully","timestamp":"2026-04-04T19:29:09.369Z"}
{"level":"info","message":"Server running on port 5000","timestamp":"2026-04-04T19:29:17.842Z"}
{"level":"info","message":"MongoDB connected successfully","timestamp":"2026-04-04T19:29:17.853Z"}
{"level":"info","message":"Server running on port 5000","timestamp":"2026-04-04T19:29:45.748Z"}
{"level":"info","message":"MongoDB connected successfully","timestamp":"2026-04-04T19:29:45.758Z"}
{"level":"info","message":"Server running on port 5000","timestamp":"2026-04-04T19:30:16.910Z"}
{"level":"info","message":"MongoDB connected successfully","timestamp":"2026-04-04T19:30:16.919Z"}
{"level":"info","message":"Server running on port 5000","timestamp":"2026-04-04T19:30:50.142Z"}
{"level":"info","message":"MongoDB connected successfully","timestamp":"2026-04-04T19:30:50.152Z"}
{"level":"info","message":"Server running on port 5000","timestamp":"2026-04-04T19:31:05.082Z"}
{"level":"info","message":"MongoDB connected successfully","timestamp":"2026-04-04T19:31:05.094Z"}
{"level":"info","message":"Server running on port 5000","timestamp":"2026-04-04T19:31:13.758Z"}
{"level":"info","message":"MongoDB connected successfully","timestamp":"2026-04-04T19:31:13.770Z"}
{"level":"info","message":"Server running on port 5000","timestamp":"2026-04-05T07:36:19.918Z"}
{"level":"info","message":"MongoDB connected successfully","timestamp":"2026-04-05T07:36:19.928Z"}
{"level":"info","message":"New user registered: parande@gmail.com","timestamp":"2026-04-05T08:54:27.193Z"}
{"level":"info","message":"Category breakdown fetched for user: 69d22343e356aa673a0d3697","timestamp":"2026-04-05T08:54:39.435Z"}
{"level":"info","message":"Monthly trend fetched for user: 69d22343e356aa673a0d3697","timestamp":"2026-04-05T08:54:39.436Z"}
{"level":"info","message":"Income vs expense fetched for user: 69d22343e356aa673a0d3697","timestamp":"2026-04-05T08:54:39.437Z"}
{"level":"info","message":"Category breakdown fetched for user: 69d22343e356aa673a0d3697","timestamp":"2026-04-05T08:54:39.442Z"}
{"level":"info","message":"Monthly trend fetched for user: 69d22343e356aa673a0d3697","timestamp":"2026-04-05T08:54:39.443Z"}
{"level":"info","message":"Income vs expense fetched for user: 69d22343e356aa673a0d3697","timestamp":"2026-04-05T08:54:39.444Z"}
{"level":"info","message":"Budget set for user: 69d22343e356aa673a0d3697, category: Entertainment, limit: 30000","timestamp":"2026-04-05T08:55:08.877Z"}
{"level":"info","message":"Category breakdown fetched for user: 69d22343e356aa673a0d3697","timestamp":"2026-04-05T08:55:12.332Z"}
{"level":"info","message":"Monthly trend fetched for user: 69d22343e356aa673a0d3697","timestamp":"2026-04-05T08:55:12.333Z"}
{"level":"info","message":"Income vs expense fetched for user: 69d22343e356aa673a0d3697","timestamp":"2026-04-05T08:55:12.334Z"}
{"level":"info","message":"Category breakdown fetched for user: 69d22343e356aa673a0d3697","timestamp":"2026-04-05T08:55:12.336Z"}
{"level":"info","message":"Monthly trend fetched for user: 69d22343e356aa673a0d3697","timestamp":"2026-04-05T08:55:12.336Z"}
{"level":"info","message":"Income vs expense fetched for user: 69d22343e356aa673a0d3697","timestamp":"2026-04-05T08:55:12.337Z"}
{"level":"info","message":"New expense added by user: 69d22343e356aa673a0d3697, amount: 400, category: Food","timestamp":"2026-04-05T08:55:33.975Z"}
{"level":"info","message":"Category breakdown fetched for user: 69d22343e356aa673a0d3697","timestamp":"2026-04-05T08:55:38.400Z"}
{"level":"info","message":"Monthly trend fetched for user: 69d22343e356aa673a0d3697","timestamp":"2026-04-05T08:55:38.401Z"}
{"level":"info","message":"Income vs expense fetched for user: 69d22343e356aa673a0d3697","timestamp":"2026-04-05T08:55:38.402Z"}
{"level":"info","message":"Category breakdown fetched for user: 69d22343e356aa673a0d3697","timestamp":"2026-04-05T08:55:38.406Z"}
{"level":"info","message":"Monthly trend fetched for user: 69d22343e356aa673a0d3697","timestamp":"2026-04-05T08:55:38.406Z"}
{"level":"info","message":"Income vs expense fetched for user: 69d22343e356aa673a0d3697","timestamp":"2026-04-05T08:55:38.407Z"}
{"level":"info","message":"Group created by user: 69d22343e356aa673a0d3697, groupName: F4 Bois","timestamp":"2026-04-05T08:56:21.341Z"}
{"level":"info","message":"New user registered: yuvrajdeshmukh8998@gmail.com","timestamp":"2026-04-05T08:57:20.869Z"}
{"level":"info","message":"Group created by user: 69d223f0e356aa673a0d369b, groupName: F4 Bois","timestamp":"2026-04-05T08:57:38.841Z"}
{"level":"info","message":"Member added to group: F4 Bois, member: parande@gmail.com","timestamp":"2026-04-05T08:57:56.503Z"}
{"level":"info","message":"Group expense added: Cafe, amount: 455, group: F4 Bois","timestamp":"2026-04-05T08:58:14.112Z"}
{"level":"info","message":"User logged in: parande@gmail.com","timestamp":"2026-04-05T08:59:02.258Z"}
{"level":"info","message":"Notification marked as read: 69d22426e356aa673a0d369f","timestamp":"2026-04-05T08:59:22.129Z"}
{"level":"info","message":"Notification marked as read: 69d22414e356aa673a0d369d","timestamp":"2026-04-05T08:59:23.390Z"}
{"level":"info","message":"Group expense added: ntt, amount: 455, group: F4 Bois","timestamp":"2026-04-05T09:01:17.675Z"}
{"level":"info","message":"Server running on port 5000","timestamp":"2026-04-05T09:35:28.403Z"}
{"level":"info","message":"MongoDB connected successfully","timestamp":"2026-04-05T09:35:28.422Z"}
{"level":"info","message":"Server running on port 5000","timestamp":"2026-04-05T09:35:53.115Z"}
{"level":"info","message":"MongoDB connected successfully","timestamp":"2026-04-05T09:35:53.128Z"}
{"level":"info","message":"Server running on port 5000","timestamp":"2026-04-05T09:36:12.624Z"}
{"level":"info","message":"MongoDB connected successfully","timestamp":"2026-04-05T09:36:12.635Z"}
{"level":"info","message":"User logged in: parande@gmail.com","timestamp":"2026-04-05T09:37:31.678Z"}
{"level":"info","message":"Category breakdown fetched for user: 69d22343e356aa673a0d3697","timestamp":"2026-04-05T09:38:28.213Z"}
{"level":"info","message":"Monthly trend fetched for user: 69d22343e356aa673a0d3697","timestamp":"2026-04-05T09:38:28.216Z"}
{"level":"info","message":"Income vs expense fetched for user: 69d22343e356aa673a0d3697","timestamp":"2026-04-05T09:38:28.217Z"}
{"level":"info","message":"Category breakdown fetched for user: 69d22343e356aa673a0d3697","timestamp":"2026-04-05T09:38:28.218Z"}
{"level":"info","message":"Monthly trend fetched for user: 69d22343e356aa673a0d3697","timestamp":"2026-04-05T09:38:28.223Z"}
{"level":"info","message":"Income vs expense fetched for user: 69d22343e356aa673a0d3697","timestamp":"2026-04-05T09:38:28.224Z"}
{"level":"info","message":"Category breakdown fetched for user: 69d22343e356aa673a0d3697","timestamp":"2026-04-05T09:38:47.838Z"}
{"level":"info","message":"Monthly trend fetched for user: 69d22343e356aa673a0d3697","timestamp":"2026-04-05T09:38:47.840Z"}
{"level":"info","message":"Income vs expense fetched for user: 69d22343e356aa673a0d3697","timestamp":"2026-04-05T09:38:47.841Z"}
{"level":"info","message":"Category breakdown fetched for user: 69d22343e356aa673a0d3697","timestamp":"2026-04-05T09:38:47.845Z"}
{"level":"info","message":"Monthly trend fetched for user: 69d22343e356aa673a0d3697","timestamp":"2026-04-05T09:38:47.846Z"}
{"level":"info","message":"Income vs expense fetched for user: 69d22343e356aa673a0d3697","timestamp":"2026-04-05T09:38:47.846Z"}
{"level":"info","message":"New user registered: sai@gmail.com","timestamp":"2026-04-05T09:40:40.414Z"}
{"level":"info","message":"New expense added by user: 69d22e1859fd12243fa7bd50, amount: 30000, category: Food","timestamp":"2026-04-05T09:41:42.965Z"}
{"level":"warn","message":"Large transaction detected for user: 69d22e1859fd12243fa7bd50, amount: 30000","timestamp":"2026-04-05T09:41:42.971Z"}
{"level":"info","message":"Budget set for user: 69d22e1859fd12243fa7bd50, category: Food, limit: 40000","timestamp":"2026-04-05T09:42:19.550Z"}
{"level":"info","message":"New user registered: rahul@gmail.com","timestamp":"2026-04-05T09:44:10.756Z"}
{"level":"info","message":"Group created by user: 69d22e1859fd12243fa7bd50, groupName: Goa","timestamp":"2026-04-05T09:44:40.720Z"}
{"level":"info","message":"Member added to group: Goa, member: rahul@gmail.com","timestamp":"2026-04-05T09:45:14.201Z"}
{"level":"info","message":"Group expense added: Dinner, amount: 12000, splitType: unequal","timestamp":"2026-04-05T09:46:09.088Z"}
{"level":"info","message":"Split marked as paid for expense: 69d22f6159fd12243fa7bd57, member: 69d22eea59fd12243fa7bd54","timestamp":"2026-04-05T09:47:09.777Z"}
{"level":"info","message":"Server running on port 5000","timestamp":"2026-04-05T09:55:01.589Z"}
{"level":"info","message":"MongoDB connected successfully","timestamp":"2026-04-05T09:55:01.608Z"}
{"level":"info","message":"Server running on port 5000","timestamp":"2026-04-05T09:55:02.789Z"}
{"level":"info","message":"MongoDB connected successfully","timestamp":"2026-04-05T09:55:02.799Z"}
{"level":"info","message":"Server running on port 5000","timestamp":"2026-04-05T09:55:20.489Z"}
{"level":"info","message":"MongoDB connected successfully","timestamp":"2026-04-05T09:55:20.502Z"}
{"level":"info","message":"Server running on port 5000","timestamp":"2026-04-05T09:55:37.611Z"}
{"level":"info","message":"MongoDB connected successfully","timestamp":"2026-04-05T09:55:37.621Z"}
{"level":"info","message":"User logged in: rahul@gmail.com","timestamp":"2026-04-05T09:57:31.115Z"}
{"level":"info","message":"Group expense added: Clothes, amount: 500, splitType: equal","timestamp":"2026-04-05T09:58:03.011Z"}
{"level":"info","message":"Settle up: user 69d22e1859fd12243fa7bd50 settled ₹250 with 69d22eea59fd12243fa7bd54 in group 69d22f0859fd12243fa7bd55","timestamp":"2026-04-05T09:58:31.843Z"}
{"level":"info","message":"Member added to group: Goa, member: parande@gmail.com","timestamp":"2026-04-05T10:03:03.388Z"}
{"level":"info","message":"Group expense added: Boats ride, amount: 4000, splitType: unequal","timestamp":"2026-04-05T10:03:38.992Z"}
{"level":"info","message":"Server running on port 5000","timestamp":"2026-05-08T12:47:43.700Z"}
{"cause":{"commonWireVersion":0,"compatible":true,"heartbeatFrequencyMS":10000,"localThresholdMS":15,"logicalSessionTimeoutMinutes":null,"maxElectionId":null,"maxSetVersion":null,"servers":{"localhost:27017":{"$clusterTime":null,"address":"localhost:27017","arbiters":[],"electionId":null,"error":{"beforeHandshake":false,"errorLabelSet":{}},"hosts":[],"iscryptd":false,"lastUpdateTime":30001,"lastWriteDate":0,"logicalSessionTimeoutMinutes":null,"maxBsonObjectSize":null,"maxMessageSizeBytes":null,"maxWireVersion":0,"maxWriteBatchSize":null,"me":null,"minRoundTripTime":0,"minWireVersion":0,"passives":[],"primary":null,"roundTripTime":-1,"setName":null,"setVersion":null,"tags":{},"topologyVersion":null,"type":"Unknown"}},"setName":null,"stale":false,"type":"Unknown"},"errorLabelSet":{},"level":"error","message":"MongoDB connection failed connect ECONNREFUSED 127.0.0.1:27017, connect ECONNREFUSED ::1:27017","reason":{"commonWireVersion":0,"compatible":true,"heartbeatFrequencyMS":10000,"localThresholdMS":15,"logicalSessionTimeoutMinutes":null,"maxElectionId":null,"maxSetVersion":null,"servers":{"localhost:27017":{"$clusterTime":null,"address":"localhost:27017","arbiters":[],"electionId":null,"error":{"beforeHandshake":false,"errorLabelSet":{}},"hosts":[],"iscryptd":false,"lastUpdateTime":30001,"lastWriteDate":0,"logicalSessionTimeoutMinutes":null,"maxBsonObjectSize":null,"maxMessageSizeBytes":null,"maxWireVersion":0,"maxWriteBatchSize":null,"me":null,"minRoundTripTime":0,"minWireVersion":0,"passives":[],"primary":null,"roundTripTime":-1,"setName":null,"setVersion":null,"tags":{},"topologyVersion":null,"type":"Unknown"}},"setName":null,"stale":false,"type":"Unknown"},"stack":"MongooseServerSelectionError: connect ECONNREFUSED 127.0.0.1:27017, connect ECONNREFUSED ::1:27017\n    at _handleConnectionErrors (/Users/yuvrajdeshmukh/SpendSense/backend/node_modules/mongoose/lib/connection.js:1180:11)\n    at NativeConnection.openUri (/Users/yuvrajdeshmukh/SpendSense/backend/node_modules/mongoose/lib/connection.js:1111:11)\n    at async connectDB (/Users/yuvrajdeshmukh/SpendSense/backend/config/db.js:6:9)","timestamp":"2026-05-08T12:48:13.703Z"}
{"level":"info","message":"Server running on port 5000","timestamp":"2026-05-08T12:55:18.015Z"}
{"cause":{"commonWireVersion":0,"compatible":true,"heartbeatFrequencyMS":10000,"localThresholdMS":15,"logicalSessionTimeoutMinutes":null,"maxElectionId":null,"maxSetVersion":null,"servers":{"localhost:27017":{"$clusterTime":null,"address":"localhost:27017","arbiters":[],"electionId":null,"error":{"beforeHandshake":false,"errorLabelSet":{}},"hosts":[],"iscryptd":false,"lastUpdateTime":30031,"lastWriteDate":0,"logicalSessionTimeoutMinutes":null,"maxBsonObjectSize":null,"maxMessageSizeBytes":null,"maxWireVersion":0,"maxWriteBatchSize":null,"me":null,"minRoundTripTime":0,"minWireVersion":0,"passives":[],"primary":null,"roundTripTime":-1,"setName":null,"setVersion":null,"tags":{},"topologyVersion":null,"type":"Unknown"}},"setName":null,"stale":false,"type":"Unknown"},"errorLabelSet":{},"level":"error","message":"MongoDB connection failed connect ECONNREFUSED 127.0.0.1:27017, connect ECONNREFUSED ::1:27017","reason":{"commonWireVersion":0,"compatible":true,"heartbeatFrequencyMS":10000,"localThresholdMS":15,"logicalSessionTimeoutMinutes":null,"maxElectionId":null,"maxSetVersion":null,"servers":{"localhost:27017":{"$clusterTime":null,"address":"localhost:27017","arbiters":[],"electionId":null,"error":{"beforeHandshake":false,"errorLabelSet":{}},"hosts":[],"iscryptd":false,"lastUpdateTime":30031,"lastWriteDate":0,"logicalSessionTimeoutMinutes":null,"maxBsonObjectSize":null,"maxMessageSizeBytes":null,"maxWireVersion":0,"maxWriteBatchSize":null,"me":null,"minRoundTripTime":0,"minWireVersion":0,"passives":[],"primary":null,"roundTripTime":-1,"setName":null,"setVersion":null,"tags":{},"topologyVersion":null,"type":"Unknown"}},"setName":null,"stale":false,"type":"Unknown"},"stack":"MongooseServerSelectionError: connect ECONNREFUSED 127.0.0.1:27017, connect ECONNREFUSED ::1:27017\n    at _handleConnectionErrors (/Users/yuvrajdeshmukh/SpendSense/backend/node_modules/mongoose/lib/connection.js:1180:11)\n    at NativeConnection.openUri (/Users/yuvrajdeshmukh/SpendSense/backend/node_modules/mongoose/lib/connection.js:1111:11)\n    at async connectDB (/Users/yuvrajdeshmukh/SpendSense/backend/config/db.js:6:9)","timestamp":"2026-05-08T12:55:48.030Z"}
{"level":"info","message":"Server running on port 5000","timestamp":"2026-05-08T12:57:26.660Z"}
{"cause":{"commonWireVersion":0,"compatible":true,"heartbeatFrequencyMS":10000,"localThresholdMS":15,"logicalSessionTimeoutMinutes":null,"maxElectionId":null,"maxSetVersion":null,"servers":{"localhost:27017":{"$clusterTime":null,"address":"localhost:27017","arbiters":[],"electionId":null,"error":{"beforeHandshake":false,"errorLabelSet":{}},"hosts":[],"iscryptd":false,"lastUpdateTime":29988,"lastWriteDate":0,"logicalSessionTimeoutMinutes":null,"maxBsonObjectSize":null,"maxMessageSizeBytes":null,"maxWireVersion":0,"maxWriteBatchSize":null,"me":null,"minRoundTripTime":0,"minWireVersion":0,"passives":[],"primary":null,"roundTripTime":-1,"setName":null,"setVersion":null,"tags":{},"topologyVersion":null,"type":"Unknown"}},"setName":null,"stale":false,"type":"Unknown"},"errorLabelSet":{},"level":"error","message":"MongoDB connection failed connect ECONNREFUSED 127.0.0.1:27017, connect ECONNREFUSED ::1:27017","reason":{"commonWireVersion":0,"compatible":true,"heartbeatFrequencyMS":10000,"localThresholdMS":15,"logicalSessionTimeoutMinutes":null,"maxElectionId":null,"maxSetVersion":null,"servers":{"localhost:27017":{"$clusterTime":null,"address":"localhost:27017","arbiters":[],"electionId":null,"error":{"beforeHandshake":false,"errorLabelSet":{}},"hosts":[],"iscryptd":false,"lastUpdateTime":29988,"lastWriteDate":0,"logicalSessionTimeoutMinutes":null,"maxBsonObjectSize":null,"maxMessageSizeBytes":null,"maxWireVersion":0,"maxWriteBatchSize":null,"me":null,"minRoundTripTime":0,"minWireVersion":0,"passives":[],"primary":null,"roundTripTime":-1,"setName":null,"setVersion":null,"tags":{},"topologyVersion":null,"type":"Unknown"}},"setName":null,"stale":false,"type":"Unknown"},"stack":"MongooseServerSelectionError: connect ECONNREFUSED 127.0.0.1:27017, connect ECONNREFUSED ::1:27017\n    at _handleConnectionErrors (/Users/yuvrajdeshmukh/SpendSense/backend/node_modules/mongoose/lib/connection.js:1180:11)\n    at NativeConnection.openUri (/Users/yuvrajdeshmukh/SpendSense/backend/node_modules/mongoose/lib/connection.js:1111:11)\n    at async connectDB (/Users/yuvrajdeshmukh/SpendSense/backend/config/db.js:6:9)","timestamp":"2026-05-08T12:57:56.659Z"}
{"level":"info","message":"Server running on port 5000","timestamp":"2026-05-08T13:02:41.324Z"}
{"level":"info","message":"Server running on port 5000","timestamp":"2026-05-08T13:02:46.434Z"}
{"level":"info","message":"Server running on port 5000","timestamp":"2026-05-08T13:03:00.335Z"}
{"cause":{"commonWireVersion":0,"compatible":true,"heartbeatFrequencyMS":10000,"localThresholdMS":15,"logicalSessionTimeoutMinutes":null,"maxElectionId":null,"maxSetVersion":null,"servers":{"localhost:27017":{"$clusterTime":null,"address":"localhost:27017","arbiters":[],"electionId":null,"error":{"beforeHandshake":false,"errorLabelSet":{}},"hosts":[],"iscryptd":false,"lastUpdateTime":29888,"lastWriteDate":0,"logicalSessionTimeoutMinutes":null,"maxBsonObjectSize":null,"maxMessageSizeBytes":null,"maxWireVersion":0,"maxWriteBatchSize":null,"me":null,"minRoundTripTime":0,"minWireVersion":0,"passives":[],"primary":null,"roundTripTime":-1,"setName":null,"setVersion":null,"tags":{},"topologyVersion":null,"type":"Unknown"}},"setName":null,"stale":false,"type":"Unknown"},"errorLabelSet":{},"level":"error","message":"MongoDB connection failed connect ECONNREFUSED 127.0.0.1:27017, connect ECONNREFUSED ::1:27017","reason":{"commonWireVersion":0,"compatible":true,"heartbeatFrequencyMS":10000,"localThresholdMS":15,"logicalSessionTimeoutMinutes":null,"maxElectionId":null,"maxSetVersion":null,"servers":{"localhost:27017":{"$clusterTime":null,"address":"localhost:27017","arbiters":[],"electionId":null,"error":{"beforeHandshake":false,"errorLabelSet":{}},"hosts":[],"iscryptd":false,"lastUpdateTime":29888,"lastWriteDate":0,"logicalSessionTimeoutMinutes":null,"maxBsonObjectSize":null,"maxMessageSizeBytes":null,"maxWireVersion":0,"maxWriteBatchSize":null,"me":null,"minRoundTripTime":0,"minWireVersion":0,"passives":[],"primary":null,"roundTripTime":-1,"setName":null,"setVersion":null,"tags":{},"topologyVersion":null,"type":"Unknown"}},"setName":null,"stale":false,"type":"Unknown"},"stack":"MongooseServerSelectionError: connect ECONNREFUSED 127.0.0.1:27017, connect ECONNREFUSED ::1:27017\n    at _handleConnectionErrors (/Users/yuvrajdeshmukh/SpendSense/backend/node_modules/mongoose/lib/connection.js:1180:11)\n    at NativeConnection.openUri (/Users/yuvrajdeshmukh/SpendSense/backend/node_modules/mongoose/lib/connection.js:1111:11)\n    at runNextTicks (node:internal/process/task_queues:64:5)\n    at listOnTimeout (node:internal/timers:567:9)\n    at process.processTimers (node:internal/timers:541:7)\n    at async connectDB (/Users/yuvrajdeshmukh/SpendSense/backend/config/db.js:10:9)","timestamp":"2026-05-08T13:03:30.343Z"}
{"level":"info","message":"Server running on port 5000","timestamp":"2026-05-08T13:03:56.823Z"}
{"cause":{"commonWireVersion":0,"compatible":true,"heartbeatFrequencyMS":10000,"localThresholdMS":15,"logicalSessionTimeoutMinutes":null,"maxElectionId":null,"maxSetVersion":null,"servers":{"localhost:27017":{"$clusterTime":null,"address":"localhost:27017","arbiters":[],"electionId":null,"error":{"beforeHandshake":false,"errorLabelSet":{}},"hosts":[],"iscryptd":false,"lastUpdateTime":30008,"lastWriteDate":0,"logicalSessionTimeoutMinutes":null,"maxBsonObjectSize":null,"maxMessageSizeBytes":null,"maxWireVersion":0,"maxWriteBatchSize":null,"me":null,"minRoundTripTime":0,"minWireVersion":0,"passives":[],"primary":null,"roundTripTime":-1,"setName":null,"setVersion":null,"tags":{},"topologyVersion":null,"type":"Unknown"}},"setName":null,"stale":false,"type":"Unknown"},"errorLabelSet":{},"level":"error","message":"MongoDB connection failed connect ECONNREFUSED 127.0.0.1:27017, connect ECONNREFUSED ::1:27017","reason":{"commonWireVersion":0,"compatible":true,"heartbeatFrequencyMS":10000,"localThresholdMS":15,"logicalSessionTimeoutMinutes":null,"maxElectionId":null,"maxSetVersion":null,"servers":{"localhost:27017":{"$clusterTime":null,"address":"localhost:27017","arbiters":[],"electionId":null,"error":{"beforeHandshake":false,"errorLabelSet":{}},"hosts":[],"iscryptd":false,"lastUpdateTime":30008,"lastWriteDate":0,"logicalSessionTimeoutMinutes":null,"maxBsonObjectSize":null,"maxMessageSizeBytes":null,"maxWireVersion":0,"maxWriteBatchSize":null,"me":null,"minRoundTripTime":0,"minWireVersion":0,"passives":[],"primary":null,"roundTripTime":-1,"setName":null,"setVersion":null,"tags":{},"topologyVersion":null,"type":"Unknown"}},"setName":null,"stale":false,"type":"Unknown"},"stack":"MongooseServerSelectionError: connect ECONNREFUSED 127.0.0.1:27017, connect ECONNREFUSED ::1:27017\n    at _handleConnectionErrors (/Users/yuvrajdeshmukh/SpendSense/backend/node_modules/mongoose/lib/connection.js:1180:11)\n    at NativeConnection.openUri (/Users/yuvrajdeshmukh/SpendSense/backend/node_modules/mongoose/lib/connection.js:1111:11)\n    at async connectDB (/Users/yuvrajdeshmukh/SpendSense/backend/config/db.js:10:9)","timestamp":"2026-05-08T13:04:26.829Z"}
{"level":"info","message":"Server running on port 5000","timestamp":"2026-05-08T13:54:59.001Z"}
{"level":"info","message":"MongoDB connected successfully","timestamp":"2026-05-08T13:54:59.033Z"}
{"level":"error","message":"Auth middleware error: jwt expired","timestamp":"2026-05-09T03:38:16.954Z"}
{"level":"error","message":"Auth middleware error: jwt expired","timestamp":"2026-05-09T03:38:16.956Z"}
{"level":"error","message":"Auth middleware error: jwt expired","timestamp":"2026-05-09T03:38:16.957Z"}
{"level":"error","message":"Auth middleware error: jwt expired","timestamp":"2026-05-09T03:38:16.959Z"}
{"level":"error","message":"Auth middleware error: jwt expired","timestamp":"2026-05-09T03:38:16.960Z"}
{"level":"error","message":"Auth middleware error: jwt expired","timestamp":"2026-05-09T03:38:16.961Z"}
{"level":"info","message":"User logged in: parande@gmail.com","timestamp":"2026-05-09T03:39:23.389Z"}
{"level":"info","message":"Split marked as paid for expense: 69d2337abbd9b21fa5a9215f, member: 69d22343e356aa673a0d3697","timestamp":"2026-05-09T03:42:02.787Z"}
{"level":"info","message":"All notifications marked as read for user: 69d22343e356aa673a0d3697","timestamp":"2026-05-09T03:44:28.164Z"}
{"level":"info","message":"Category breakdown fetched for user: 69d22343e356aa673a0d3697","timestamp":"2026-05-09T03:44:57.490Z"}
{"level":"info","message":"Monthly trend fetched for user: 69d22343e356aa673a0d3697","timestamp":"2026-05-09T03:44:57.491Z"}
{"level":"info","message":"Income vs expense fetched for user: 69d22343e356aa673a0d3697","timestamp":"2026-05-09T03:44:57.492Z"}
{"level":"info","message":"Category breakdown fetched for user: 69d22343e356aa673a0d3697","timestamp":"2026-05-09T03:44:57.498Z"}
{"level":"info","message":"Monthly trend fetched for user: 69d22343e356aa673a0d3697","timestamp":"2026-05-09T03:44:57.498Z"}
{"level":"info","message":"Income vs expense fetched for user: 69d22343e356aa673a0d3697","timestamp":"2026-05-09T03:44:57.499Z"}
{"level":"info","message":"New income added by user: 69d22343e356aa673a0d3697, amount: 300000, category: Salary","timestamp":"2026-05-09T03:46:51.517Z"}
{"level":"info","message":"Server running on port 5000","timestamp":"2026-05-09T04:46:43.512Z"}
{"level":"info","message":"Server running on port 5000","timestamp":"2026-05-09T04:46:43.512Z"}
{"level":"info","message":"MongoDB connected successfully","timestamp":"2026-05-09T04:46:43.538Z"}
{"level":"info","message":"MongoDB connected successfully","timestamp":"2026-05-09T04:46:43.538Z"}
{"level":"info","message":"Server running on port 5000","timestamp":"2026-05-09T19:18:37.240Z"}
{"level":"info","message":"MongoDB connected successfully","timestamp":"2026-05-09T19:18:37.376Z"}
{"level":"info","message":"Server running on port 5000","timestamp":"2026-05-09T19:43:37.406Z"}
{"level":"info","message":"MongoDB connected successfully","timestamp":"2026-05-09T19:43:37.583Z"}
{"level":"info","message":"Server running on port 5000","timestamp":"2026-05-09T19:46:07.707Z"}
{"level":"info","message":"MongoDB connected successfully","timestamp":"2026-05-09T19:46:07.790Z"}
{"level":"info","message":"User logged in: parande@gmail.com","timestamp":"2026-05-09T19:48:06.832Z"}
{"level":"info","message":"Server running on port 5000","timestamp":"2026-05-09T22:06:33.779Z"}
{"level":"info","message":"MongoDB connected successfully","timestamp":"2026-05-09T22:06:33.856Z"}
{"level":"info","message":"Server running on port 5000","timestamp":"2026-05-09T22:07:43.984Z"}
{"level":"info","message":"MongoDB connected successfully","timestamp":"2026-05-09T22:07:44.097Z"}
{"level":"info","message":"Server running on port 5000","timestamp":"2026-05-09T22:24:37.514Z"}
{"level":"info","message":"MongoDB connected successfully","timestamp":"2026-05-09T22:24:37.682Z"}
{"level":"info","message":"HTTP GET / - 200","method":"GET","status":200,"timestamp":"2026-05-09T22:25:19.188Z","url":"/"}
{"level":"error","message":"HTTP POST /login - 400","method":"POST","status":400,"timestamp":"2026-05-09T22:25:19.250Z","url":"/login"}
{"level":"error","message":"HTTP GET /api/unknown-endpoint - 404","method":"GET","status":404,"timestamp":"2026-05-09T22:25:19.263Z","url":"/api/unknown-endpoint"}
{"level":"info","message":"HTTP GET / - 200","method":"GET","status":200,"timestamp":"2026-05-09T22:25:19.784Z","url":"/"}
{"level":"error","message":"HTTP POST /login - 400","method":"POST","status":400,"timestamp":"2026-05-09T22:25:19.801Z","url":"/login"}
{"level":"error","message":"HTTP GET /api/unknown-endpoint - 404","method":"GET","status":404,"timestamp":"2026-05-09T22:25:19.816Z","url":"/api/unknown-endpoint"}
{"level":"info","message":"HTTP GET / - 200","method":"GET","status":200,"timestamp":"2026-05-09T22:25:20.354Z","url":"/"}
{"level":"error","message":"HTTP POST /login - 400","method":"POST","status":400,"timestamp":"2026-05-09T22:25:20.390Z","url":"/login"}
{"level":"error","message":"HTTP GET /api/unknown-endpoint - 404","method":"GET","status":404,"timestamp":"2026-05-09T22:25:20.413Z","url":"/api/unknown-endpoint"}
{"level":"info","message":"HTTP GET / - 200","method":"GET","status":200,"timestamp":"2026-05-09T22:25:20.953Z","url":"/"}
{"level":"error","message":"HTTP POST /login - 400","method":"POST","status":400,"timestamp":"2026-05-09T22:25:20.975Z","url":"/login"}
{"level":"error","message":"HTTP GET /api/unknown-endpoint - 404","method":"GET","status":404,"timestamp":"2026-05-09T22:25:20.994Z","url":"/api/unknown-endpoint"}
{"level":"info","message":"HTTP GET / - 200","method":"GET","status":200,"timestamp":"2026-05-09T22:25:21.525Z","url":"/"}
{"level":"error","message":"HTTP POST /login - 400","method":"POST","status":400,"timestamp":"2026-05-09T22:25:21.548Z","url":"/login"}
{"level":"error","message":"HTTP GET /api/unknown-endpoint - 404","method":"GET","status":404,"timestamp":"2026-05-09T22:25:21.563Z","url":"/api/unknown-endpoint"}
{"level":"info","message":"HTTP GET / - 200","method":"GET","status":200,"timestamp":"2026-05-09T22:25:22.097Z","url":"/"}
{"level":"error","message":"HTTP POST /login - 400","method":"POST","status":400,"timestamp":"2026-05-09T22:25:22.120Z","url":"/login"}
{"level":"error","message":"HTTP GET /api/unknown-endpoint - 404","method":"GET","status":404,"timestamp":"2026-05-09T22:25:22.135Z","url":"/api/unknown-endpoint"}
{"level":"info","message":"HTTP GET / - 200","method":"GET","status":200,"timestamp":"2026-05-09T22:25:22.663Z","url":"/"}
{"level":"error","message":"HTTP POST /login - 400","method":"POST","status":400,"timestamp":"2026-05-09T22:25:22.682Z","url":"/login"}
{"level":"error","message":"HTTP GET /api/unknown-endpoint - 404","method":"GET","status":404,"timestamp":"2026-05-09T22:25:22.696Z","url":"/api/unknown-endpoint"}
{"level":"info","message":"HTTP GET / - 200","method":"GET","status":200,"timestamp":"2026-05-09T22:25:23.227Z","url":"/"}
{"level":"error","message":"HTTP POST /login - 400","method":"POST","status":400,"timestamp":"2026-05-09T22:25:23.249Z","url":"/login"}
{"level":"error","message":"HTTP GET /api/unknown-endpoint - 404","method":"GET","status":404,"timestamp":"2026-05-09T22:25:23.262Z","url":"/api/unknown-endpoint"}
{"level":"info","message":"HTTP GET / - 200","method":"GET","status":200,"timestamp":"2026-05-09T22:25:23.788Z","url":"/"}
{"level":"error","message":"HTTP POST /login - 400","method":"POST","status":400,"timestamp":"2026-05-09T22:25:23.819Z","url":"/login"}
{"level":"error","message":"HTTP GET /api/unknown-endpoint - 404","method":"GET","status":404,"timestamp":"2026-05-09T22:25:23.841Z","url":"/api/unknown-endpoint"}
{"level":"info","message":"HTTP GET / - 200","method":"GET","status":200,"timestamp":"2026-05-09T22:25:24.365Z","url":"/"}
{"level":"error","message":"HTTP POST /login - 400","method":"POST","status":400,"timestamp":"2026-05-09T22:25:24.386Z","url":"/login"}
{"level":"error","message":"HTTP GET /api/unknown-endpoint - 404","method":"GET","status":404,"timestamp":"2026-05-09T22:25:24.404Z","url":"/api/unknown-endpoint"}
{"level":"info","message":"New user registered: yuvraj@test.com","timestamp":"2026-05-11T13:04:47.132Z"}
{"level":"info","message":"HTTP POST /register - 201","method":"POST","status":201,"timestamp":"2026-05-11T13:04:47.134Z","url":"/register"}
{"level":"info","message":"New user registered: yuvraj@test.com","timestamp":"2026-05-11T13:04:47.213Z"}
{"level":"info","message":"HTTP POST /register - 201","method":"POST","status":201,"timestamp":"2026-05-11T13:04:47.214Z","url":"/register"}
{"level":"error","message":"HTTP POST /register - 400","method":"POST","status":400,"timestamp":"2026-05-11T13:04:47.216Z","url":"/register"}
{"level":"info","message":"New user registered: yuvraj@test.com","timestamp":"2026-05-11T13:04:47.292Z"}
{"level":"info","message":"HTTP POST /register - 201","method":"POST","status":201,"timestamp":"2026-05-11T13:04:47.293Z","url":"/register"}
{"level":"info","message":"User logged in: yuvraj@test.com","timestamp":"2026-05-11T13:04:47.361Z"}
{"level":"info","message":"HTTP POST /login - 200","method":"POST","status":200,"timestamp":"2026-05-11T13:04:47.362Z","url":"/login"}
{"level":"info","message":"New user registered: yuvraj@test.com","timestamp":"2026-05-11T13:04:47.434Z"}
{"level":"info","message":"HTTP POST /register - 201","method":"POST","status":201,"timestamp":"2026-05-11T13:04:47.434Z","url":"/register"}
{"level":"error","message":"HTTP POST /login - 400","method":"POST","status":400,"timestamp":"2026-05-11T13:04:47.503Z","url":"/login"}
{"level":"info","message":"New user registered: yuvraj@test.com","timestamp":"2026-05-11T13:04:47.576Z"}
{"level":"info","message":"HTTP POST /register - 201","method":"POST","status":201,"timestamp":"2026-05-11T13:04:47.576Z","url":"/register"}
{"level":"error","message":"HTTP POST /login - 400","method":"POST","status":400,"timestamp":"2026-05-11T13:04:47.578Z","url":"/login"}
{"level":"info","message":"New user registered: tester@example.com","timestamp":"2026-05-11T13:06:54.023Z"}
{"level":"info","message":"HTTP POST /register - 201","method":"POST","status":201,"timestamp":"2026-05-11T13:06:54.026Z","url":"/register"}
{"level":"info","message":"Budget set for user: 6a01d46e525f0b3755face41, category: Food, limit: 5000","timestamp":"2026-05-11T13:06:54.032Z"}
{"level":"info","message":"HTTP POST / - 201","method":"POST","status":201,"timestamp":"2026-05-11T13:06:54.033Z","url":"/"}
{"level":"info","message":"New user registered: tester@example.com","timestamp":"2026-05-11T13:06:54.104Z"}
{"level":"info","message":"HTTP POST /register - 201","method":"POST","status":201,"timestamp":"2026-05-11T13:06:54.104Z","url":"/register"}
{"level":"info","message":"Budget set for user: 6a01d46e525f0b3755face43, category: Food, limit: 5000","timestamp":"2026-05-11T13:06:54.107Z"}
{"level":"info","message":"HTTP POST / - 201","method":"POST","status":201,"timestamp":"2026-05-11T13:06:54.107Z","url":"/"}
{"level":"info","message":"HTTP GET / - 200","method":"GET","status":200,"timestamp":"2026-05-11T13:06:54.115Z","url":"/"}
{"level":"info","message":"New user registered: tester@example.com","timestamp":"2026-05-11T13:06:54.187Z"}
{"level":"info","message":"HTTP POST /register - 201","method":"POST","status":201,"timestamp":"2026-05-11T13:06:54.188Z","url":"/register"}
{"level":"info","message":"New expense added by user: 6a01d46e525f0b3755face45, amount: 200, category: Food","timestamp":"2026-05-11T13:06:54.190Z"}
{"level":"info","message":"HTTP POST / - 201","method":"POST","status":201,"timestamp":"2026-05-11T13:06:54.192Z","url":"/"}
{"level":"info","message":"New user registered: tester@example.com","timestamp":"2026-05-11T13:06:54.265Z"}
{"level":"info","message":"HTTP POST /register - 201","method":"POST","status":201,"timestamp":"2026-05-11T13:06:54.265Z","url":"/register"}
{"level":"info","message":"Budget set for user: 6a01d46e525f0b3755face47, category: Food, limit: 100","timestamp":"2026-05-11T13:06:54.268Z"}
{"level":"info","message":"HTTP POST / - 201","method":"POST","status":201,"timestamp":"2026-05-11T13:06:54.268Z","url":"/"}
{"level":"info","message":"New expense added by user: 6a01d46e525f0b3755face47, amount: 150, category: Food","timestamp":"2026-05-11T13:06:54.270Z"}
{"level":"warn","message":"Budget breached for user: 6a01d46e525f0b3755face47, category: Food","timestamp":"2026-05-11T13:06:54.273Z"}
{"level":"info","message":"HTTP POST / - 201","method":"POST","status":201,"timestamp":"2026-05-11T13:06:54.273Z","url":"/"}
{"level":"info","message":"HTTP GET / - 200","method":"GET","status":200,"timestamp":"2026-05-11T13:06:54.276Z","url":"/"}
{"level":"info","message":"New user registered: tester@example.com","timestamp":"2026-05-11T13:06:54.348Z"}
{"level":"info","message":"HTTP POST /register - 201","method":"POST","status":201,"timestamp":"2026-05-11T13:06:54.349Z","url":"/register"}
{"level":"info","message":"New expense added by user: 6a01d46e525f0b3755face4b, amount: 12000, category: Shopping","timestamp":"2026-05-11T13:06:54.351Z"}
{"level":"warn","message":"Large transaction detected for user: 6a01d46e525f0b3755face4b, amount: 12000","timestamp":"2026-05-11T13:06:54.352Z"}
{"level":"info","message":"HTTP POST / - 201","method":"POST","status":201,"timestamp":"2026-05-11T13:06:54.352Z","url":"/"}
{"level":"info","message":"HTTP GET / - 200","method":"GET","status":200,"timestamp":"2026-05-11T13:06:54.354Z","url":"/"}
{"level":"info","message":"New user registered: yuvraj@test.com","timestamp":"2026-05-11T13:06:54.856Z"}
{"level":"info","message":"HTTP POST /register - 201","method":"POST","status":201,"timestamp":"2026-05-11T13:06:54.856Z","url":"/register"}
{"level":"info","message":"New user registered: yuvraj@test.com","timestamp":"2026-05-11T13:06:54.940Z"}
{"level":"info","message":"HTTP POST /register - 201","method":"POST","status":201,"timestamp":"2026-05-11T13:06:54.941Z","url":"/register"}
{"level":"error","message":"HTTP POST /register - 400","method":"POST","status":400,"timestamp":"2026-05-11T13:06:54.944Z","url":"/register"}
{"level":"info","message":"New user registered: yuvraj@test.com","timestamp":"2026-05-11T13:06:55.038Z"}
{"level":"info","message":"HTTP POST /register - 201","method":"POST","status":201,"timestamp":"2026-05-11T13:06:55.039Z","url":"/register"}
{"level":"info","message":"User logged in: yuvraj@test.com","timestamp":"2026-05-11T13:06:55.110Z"}
{"level":"info","message":"HTTP POST /login - 200","method":"POST","status":200,"timestamp":"2026-05-11T13:06:55.110Z","url":"/login"}
{"level":"info","message":"New user registered: yuvraj@test.com","timestamp":"2026-05-11T13:06:55.188Z"}
{"level":"info","message":"HTTP POST /register - 201","method":"POST","status":201,"timestamp":"2026-05-11T13:06:55.189Z","url":"/register"}
{"level":"error","message":"HTTP POST /login - 400","method":"POST","status":400,"timestamp":"2026-05-11T13:06:55.259Z","url":"/login"}
{"level":"info","message":"New user registered: yuvraj@test.com","timestamp":"2026-05-11T13:06:55.328Z"}
{"level":"info","message":"HTTP POST /register - 201","method":"POST","status":201,"timestamp":"2026-05-11T13:06:55.328Z","url":"/register"}
{"level":"error","message":"HTTP POST /login - 400","method":"POST","status":400,"timestamp":"2026-05-11T13:06:55.330Z","url":"/login"}
{"level":"info","message":"Server running on port 5000","timestamp":"2026-05-17T04:49:49.697Z"}
{"level":"info","message":"MongoDB connected successfully","timestamp":"2026-05-17T04:49:49.887Z"}
{"level":"error","message":"Auth middleware error: invalid signature","timestamp":"2026-05-17T04:50:06.956Z"}
{"level":"error","message":"HTTP GET / - 401","method":"GET","status":401,"timestamp":"2026-05-17T04:50:06.958Z","url":"/"}
{"level":"error","message":"Auth middleware error: invalid signature","timestamp":"2026-05-17T04:50:06.959Z"}
{"level":"error","message":"HTTP GET / - 401","method":"GET","status":401,"timestamp":"2026-05-17T04:50:06.960Z","url":"/"}
{"level":"error","message":"Auth middleware error: invalid signature","timestamp":"2026-05-17T04:50:06.961Z"}
{"level":"error","message":"HTTP GET / - 401","method":"GET","status":401,"timestamp":"2026-05-17T04:50:06.962Z","url":"/"}
{"level":"error","message":"Auth middleware error: invalid signature","timestamp":"2026-05-17T04:50:06.964Z"}
{"level":"error","message":"HTTP GET / - 401","method":"GET","status":401,"timestamp":"2026-05-17T04:50:06.964Z","url":"/"}
{"level":"error","message":"Auth middleware error: invalid signature","timestamp":"2026-05-17T04:50:06.965Z"}
{"level":"error","message":"HTTP GET / - 401","method":"GET","status":401,"timestamp":"2026-05-17T04:50:06.965Z","url":"/"}
{"level":"error","message":"Auth middleware error: invalid signature","timestamp":"2026-05-17T04:50:06.966Z"}
{"level":"error","message":"HTTP GET / - 401","method":"GET","status":401,"timestamp":"2026-05-17T04:50:06.966Z","url":"/"}
{"level":"info","message":"Server running on port 5000","timestamp":"2026-05-17T05:42:22.897Z"}
{"level":"info","message":"MongoDB connected successfully","timestamp":"2026-05-17T05:42:23.141Z"}
{"level":"info","message":"Server running on port 5000","timestamp":"2026-05-17T06:20:42.215Z"}
{"level":"info","message":"MongoDB connected successfully","timestamp":"2026-05-17T06:20:42.547Z"}
{"level":"info","message":"Attempting to register new user: anna@gmail.com","timestamp":"2026-05-17T06:42:35.027Z"}
{"level":"info","message":"New user registered: anna@gmail.com","timestamp":"2026-05-17T06:42:37.750Z"}
{"level":"info","message":"HTTP POST /register - 201","method":"POST","status":201,"timestamp":"2026-05-17T06:42:37.872Z","url":"/register"}
{"level":"info","message":"HTTP GET / - 200","method":"GET","status":200,"timestamp":"2026-05-17T06:42:38.688Z","url":"/"}
{"level":"info","message":"HTTP GET / - 304","method":"GET","status":304,"timestamp":"2026-05-17T06:42:39.149Z","url":"/"}
{"level":"info","message":"HTTP GET / - 200","method":"GET","status":200,"timestamp":"2026-05-17T06:42:39.315Z","url":"/"}
{"level":"info","message":"HTTP GET / - 304","method":"GET","status":304,"timestamp":"2026-05-17T06:42:39.378Z","url":"/"}
{"level":"info","message":"HTTP GET / - 200","method":"GET","status":200,"timestamp":"2026-05-17T06:42:39.557Z","url":"/"}
{"level":"info","message":"HTTP GET / - 304","method":"GET","status":304,"timestamp":"2026-05-17T06:42:39.923Z","url":"/"}
{"level":"info","message":"HTTP GET / - 304","method":"GET","status":304,"timestamp":"2026-05-17T06:42:44.930Z","url":"/"}
{"level":"info","message":"HTTP GET / - 304","method":"GET","status":304,"timestamp":"2026-05-17T06:42:45.150Z","url":"/"}
{"level":"info","message":"Budget set for user: 6a09635bdc664ed083591312, category: Rent, limit: 10000","timestamp":"2026-05-17T06:43:03.092Z"}
{"level":"info","message":"HTTP POST / - 201","method":"POST","status":201,"timestamp":"2026-05-17T06:43:03.101Z","url":"/"}
{"level":"info","message":"HTTP GET / - 200","method":"GET","status":200,"timestamp":"2026-05-17T06:43:03.654Z","url":"/"}
{"level":"info","message":"HTTP GET / - 304","method":"GET","status":304,"timestamp":"2026-05-17T06:43:06.957Z","url":"/"}
{"level":"info","message":"HTTP GET / - 304","method":"GET","status":304,"timestamp":"2026-05-17T06:43:06.981Z","url":"/"}
{"level":"info","message":"HTTP GET /?type=expense - 200","method":"GET","status":200,"timestamp":"2026-05-17T06:43:11.003Z","url":"/?type=expense"}
{"level":"info","message":"HTTP GET /?type=expense&category=Salary - 200","method":"GET","status":200,"timestamp":"2026-05-17T06:43:16.276Z","url":"/?type=expense&category=Salary"}
{"level":"info","message":"HTTP GET /?type=income&category=Salary - 304","method":"GET","status":304,"timestamp":"2026-05-17T06:43:20.755Z","url":"/?type=income&category=Salary"}
{"level":"info","message":"Attempting to register new user: rohit@gmail.com","timestamp":"2026-05-17T06:45:49.395Z"}
{"level":"info","message":"New user registered: rohit@gmail.com","timestamp":"2026-05-17T06:45:50.570Z"}
{"level":"info","message":"HTTP POST /register - 201","method":"POST","status":201,"timestamp":"2026-05-17T06:45:50.580Z","url":"/register"}
{"level":"info","message":"HTTP GET / - 200","method":"GET","status":200,"timestamp":"2026-05-17T06:45:50.788Z","url":"/"}
{"level":"info","message":"HTTP GET / - 304","method":"GET","status":304,"timestamp":"2026-05-17T06:45:50.791Z","url":"/"}
{"level":"info","message":"HTTP GET / - 304","method":"GET","status":304,"timestamp":"2026-05-17T06:45:50.792Z","url":"/"}
{"level":"info","message":"HTTP GET / - 304","method":"GET","status":304,"timestamp":"2026-05-17T06:45:50.842Z","url":"/"}
{"level":"info","message":"HTTP GET / - 304","method":"GET","status":304,"timestamp":"2026-05-17T06:45:50.846Z","url":"/"}
{"level":"info","message":"HTTP GET / - 304","method":"GET","status":304,"timestamp":"2026-05-17T06:45:50.854Z","url":"/"}
{"level":"info","message":"HTTP GET / - 304","method":"GET","status":304,"timestamp":"2026-05-17T06:45:55.966Z","url":"/"}
{"level":"info","message":"HTTP GET / - 304","method":"GET","status":304,"timestamp":"2026-05-17T06:45:55.973Z","url":"/"}
{"level":"info","message":"HTTP GET /?type=income - 304","method":"GET","status":304,"timestamp":"2026-05-17T06:45:59.364Z","url":"/?type=income"}
{"level":"info","message":"New expense added by user: 6a09641ddc664ed083591314, amount: 100000, category: Food","timestamp":"2026-05-17T06:46:09.487Z"}
{"level":"warn","message":"Large transaction detected for user: 6a09641ddc664ed083591314, amount: 100000","timestamp":"2026-05-17T06:46:09.524Z"}
{"level":"info","message":"HTTP POST / - 201","method":"POST","status":201,"timestamp":"2026-05-17T06:46:09.526Z","url":"/"}
{"level":"info","message":"HTTP GET /?type=income - 304","method":"GET","status":304,"timestamp":"2026-05-17T06:46:09.547Z","url":"/?type=income"}
{"level":"info","message":"HTTP GET /?type=expense - 200","method":"GET","status":200,"timestamp":"2026-05-17T06:46:13.962Z","url":"/?type=expense"}
{"level":"info","message":"HTTP GET /?type=expense&category=Rent - 200","method":"GET","status":200,"timestamp":"2026-05-17T06:46:17.401Z","url":"/?type=expense&category=Rent"}
{"level":"info","message":"New expense added by user: 6a09641ddc664ed083591314, amount: 10000, category: Food","timestamp":"2026-05-17T06:46:26.288Z"}
{"level":"warn","message":"Large transaction detected for user: 6a09641ddc664ed083591314, amount: 10000","timestamp":"2026-05-17T06:46:26.310Z"}
{"level":"info","message":"HTTP POST / - 201","method":"POST","status":201,"timestamp":"2026-05-17T06:46:26.314Z","url":"/"}
{"level":"info","message":"HTTP GET /?type=expense&category=Rent - 304","method":"GET","status":304,"timestamp":"2026-05-17T06:46:26.338Z","url":"/?type=expense&category=Rent"}
{"level":"info","message":"HTTP GET / - 200","method":"GET","status":200,"timestamp":"2026-05-17T06:46:29.243Z","url":"/"}
{"level":"info","message":"HTTP GET / - 304","method":"GET","status":304,"timestamp":"2026-05-17T06:46:29.258Z","url":"/"}
{"level":"info","message":"HTTP GET / - 304","method":"GET","status":304,"timestamp":"2026-05-17T06:46:29.261Z","url":"/"}
{"level":"info","message":"HTTP GET / - 200","method":"GET","status":200,"timestamp":"2026-05-17T06:46:29.265Z","url":"/"}
{"level":"info","message":"HTTP GET / - 304","method":"GET","status":304,"timestamp":"2026-05-17T06:46:29.274Z","url":"/"}
{"level":"info","message":"HTTP GET / - 304","method":"GET","status":304,"timestamp":"2026-05-17T06:46:29.276Z","url":"/"}
{"level":"info","message":"HTTP GET / - 304","method":"GET","status":304,"timestamp":"2026-05-17T06:46:35.630Z","url":"/"}
{"level":"info","message":"HTTP GET / - 304","method":"GET","status":304,"timestamp":"2026-05-17T06:46:35.637Z","url":"/"}
{"level":"info","message":"HTTP GET / - 200","method":"GET","status":200,"timestamp":"2026-05-17T06:46:43.879Z","url":"/"}
{"level":"info","message":"HTTP GET / - 304","method":"GET","status":304,"timestamp":"2026-05-17T06:46:43.883Z","url":"/"}
{"level":"info","message":"Group created by user: 6a09641ddc664ed083591314, groupName: F4 Bois","timestamp":"2026-05-17T06:46:59.736Z"}
{"level":"info","message":"HTTP POST / - 201","method":"POST","status":201,"timestamp":"2026-05-17T06:46:59.737Z","url":"/"}
{"level":"info","message":"HTTP GET / - 200","method":"GET","status":200,"timestamp":"2026-05-17T06:46:59.782Z","url":"/"}
{"level":"info","message":"HTTP GET /6a096463dc664ed083591319/expenses - 200","method":"GET","status":200,"timestamp":"2026-05-17T06:47:01.240Z","url":"/6a096463dc664ed083591319/expenses"}
{"level":"error","message":"HTTP POST /6a096463dc664ed083591319/members - 404","method":"POST","status":404,"timestamp":"2026-05-17T06:47:18.080Z","url":"/6a096463dc664ed083591319/members"}
{"level":"info","message":"Attempting to register new user: pankaj@gmail.com","timestamp":"2026-05-17T06:47:37.515Z"}
{"level":"info","message":"New user registered: pankaj@gmail.com","timestamp":"2026-05-17T06:47:37.530Z"}
{"level":"info","message":"HTTP POST /register - 201","method":"POST","status":201,"timestamp":"2026-05-17T06:47:37.531Z","url":"/register"}
{"level":"info","message":"HTTP GET / - 200","method":"GET","status":200,"timestamp":"2026-05-17T06:47:37.574Z","url":"/"}
{"level":"info","message":"HTTP GET / - 304","method":"GET","status":304,"timestamp":"2026-05-17T06:47:37.581Z","url":"/"}
{"level":"info","message":"HTTP GET / - 304","method":"GET","status":304,"timestamp":"2026-05-17T06:47:37.583Z","url":"/"}
{"level":"info","message":"HTTP GET / - 304","method":"GET","status":304,"timestamp":"2026-05-17T06:47:37.587Z","url":"/"}
{"level":"info","message":"HTTP GET / - 200","method":"GET","status":200,"timestamp":"2026-05-17T06:47:37.588Z","url":"/"}
{"level":"info","message":"HTTP GET / - 304","method":"GET","status":304,"timestamp":"2026-05-17T06:47:37.591Z","url":"/"}
{"level":"info","message":"HTTP GET / - 200","method":"GET","status":200,"timestamp":"2026-05-17T06:47:40.772Z","url":"/"}
{"level":"info","message":"HTTP GET / - 304","method":"GET","status":304,"timestamp":"2026-05-17T06:47:40.776Z","url":"/"}
{"level":"info","message":"Group created by user: 6a096489dc664ed08359131a, groupName: F4 Bois","timestamp":"2026-05-17T06:47:47.845Z"}
{"level":"info","message":"HTTP POST / - 201","method":"POST","status":201,"timestamp":"2026-05-17T06:47:47.851Z","url":"/"}
{"level":"info","message":"HTTP GET / - 200","method":"GET","status":200,"timestamp":"2026-05-17T06:47:47.889Z","url":"/"}
{"level":"info","message":"HTTP GET /6a096493dc664ed08359131b/expenses - 200","method":"GET","status":200,"timestamp":"2026-05-17T06:47:50.282Z","url":"/6a096493dc664ed08359131b/expenses"}
{"level":"info","message":"Member added to group: F4 Bois, member: rohit@gmail.com","timestamp":"2026-05-17T06:47:58.484Z"}
{"level":"info","message":"HTTP POST /6a096493dc664ed08359131b/members - 200","method":"POST","status":200,"timestamp":"2026-05-17T06:47:58.485Z","url":"/6a096493dc664ed08359131b/members"}
{"level":"info","message":"HTTP GET / - 200","method":"GET","status":200,"timestamp":"2026-05-17T06:47:58.501Z","url":"/"}
{"level":"info","message":"HTTP GET /6a096493dc664ed08359131b/expenses - 304","method":"GET","status":304,"timestamp":"2026-05-17T06:47:58.509Z","url":"/6a096493dc664ed08359131b/expenses"}
{"level":"info","message":"Group expense added: Dinner, amount: 1000, splitType: equal","timestamp":"2026-05-17T06:48:23.262Z"}
{"level":"info","message":"HTTP POST /6a096493dc664ed08359131b/expenses - 201","method":"POST","status":201,"timestamp":"2026-05-17T06:48:23.264Z","url":"/6a096493dc664ed08359131b/expenses"}
{"level":"info","message":"HTTP GET /6a096493dc664ed08359131b/expenses - 200","method":"GET","status":200,"timestamp":"2026-05-17T06:48:23.280Z","url":"/6a096493dc664ed08359131b/expenses"}
{"level":"info","message":"User logged in: rohit@gmail.com","timestamp":"2026-05-17T06:49:09.951Z"}
{"level":"info","message":"HTTP POST /login - 200","method":"POST","status":200,"timestamp":"2026-05-17T06:49:09.951Z","url":"/login"}
{"level":"info","message":"HTTP GET / - 200","method":"GET","status":200,"timestamp":"2026-05-17T06:49:09.978Z","url":"/"}
{"level":"info","message":"HTTP GET / - 200","method":"GET","status":200,"timestamp":"2026-05-17T06:49:09.980Z","url":"/"}
{"level":"info","message":"HTTP GET / - 200","method":"GET","status":200,"timestamp":"2026-05-17T06:49:09.982Z","url":"/"}
{"level":"info","message":"HTTP GET / - 304","method":"GET","status":304,"timestamp":"2026-05-17T06:49:09.990Z","url":"/"}
{"level":"info","message":"HTTP GET / - 304","method":"GET","status":304,"timestamp":"2026-05-17T06:49:09.991Z","url":"/"}
{"level":"info","message":"HTTP GET / - 304","method":"GET","status":304,"timestamp":"2026-05-17T06:49:09.993Z","url":"/"}
{"level":"info","message":"HTTP GET / - 200","method":"GET","status":200,"timestamp":"2026-05-17T06:49:11.564Z","url":"/"}
{"level":"info","message":"HTTP GET / - 304","method":"GET","status":304,"timestamp":"2026-05-17T06:49:11.573Z","url":"/"}
{"level":"info","message":"HTTP GET / - 304","method":"GET","status":304,"timestamp":"2026-05-17T06:49:13.718Z","url":"/"}
{"level":"info","message":"HTTP GET / - 304","method":"GET","status":304,"timestamp":"2026-05-17T06:49:13.726Z","url":"/"}
{"level":"info","message":"HTTP GET / - 304","method":"GET","status":304,"timestamp":"2026-05-17T06:49:20.195Z","url":"/"}
{"level":"info","message":"HTTP GET / - 304","method":"GET","status":304,"timestamp":"2026-05-17T06:49:20.199Z","url":"/"}
{"level":"info","message":"HTTP GET /6a096493dc664ed08359131b/expenses - 200","method":"GET","status":200,"timestamp":"2026-05-17T06:49:22.829Z","url":"/6a096493dc664ed08359131b/expenses"}
