Running from: /opt/homebrew/Cellar/jenkins-lts/2.555.1/libexec/jenkins.war
webroot: /Users/yuvrajdeshmukh/.jenkins/war
2026-05-13 13:18:39.684+0000 [id=1]	INFO	winstone.Logger#logInternal: Beginning extraction from war file
2026-05-13 13:18:39.843+0000 [id=1]	WARNING	o.e.j.ee9.nested.ContextHandler#setContextPath: Empty contextPath
2026-05-13 13:18:39.953+0000 [id=1]	INFO	org.eclipse.jetty.server.Server#doStart: jetty-12.1.6; built: 2026-01-27T18:53:19.182Z; git: 88ca559572b1c8858b3c5684bb0293fa64e5e90f; jvm 21.0.11
2026-05-13 13:18:40.799+0000 [id=1]	INFO	o.e.j.e.w.StandardDescriptorProcessor#visitServlet: NO JSP Support for /, did not find org.eclipse.jetty.ee9.jsp.JettyJspServlet
2026-05-13 13:18:40.882+0000 [id=1]	INFO	o.e.j.s.DefaultSessionIdManager#doStart: Session workerName=node0
2026-05-13 13:18:41.615+0000 [id=1]	INFO	hudson.WebAppMain#contextInitialized: Jenkins home directory: /Users/yuvrajdeshmukh/.jenkins found at: $user.home/.jenkins
2026-05-13 13:18:44.889+0000 [id=1]	INFO	o.e.j.s.handler.ContextHandler#doStart: Started oeje9n.ContextHandler$CoreContextHandler@6ca320ab{Jenkins v2.555.1,/,b=file:///Users/yuvrajdeshmukh/.jenkins/war/,a=AVAILABLE,h=oeje9n.ContextHandler$CoreContextHandler$CoreToNestedHandler@50d68830{STARTED}}
2026-05-13 13:18:44.905+0000 [id=1]	INFO	o.e.j.server.AbstractConnector#doStart: Started oejs.ServerConnector@4102b1b1{HTTP/1.1, (http/1.1)}{127.0.0.1:8080}
2026-05-13 13:18:44.908+0000 [id=1]	INFO	org.eclipse.jetty.server.Server#doStart: Started oejs.Server@437e951d{STARTING}[12.1.6,sto=0] @4958ms
2026-05-13 13:18:44.909+0000 [id=40]	INFO	winstone.Logger#logInternal: Winstone Servlet Engine running: controlPort=disabled
2026-05-13 13:18:45.230+0000 [id=39]	INFO	jenkins.model.Jenkins#<init>: Starting version 2.555.1
2026-05-13 13:18:45.386+0000 [id=49]	INFO	jenkins.InitReactorRunner$1#onAttained: Started initialization
2026-05-13 13:18:45.420+0000 [id=58]	INFO	jenkins.InitReactorRunner$1#onAttained: Listed all plugins
2026-05-13 13:18:46.753+0000 [id=47]	INFO	jenkins.InitReactorRunner$1#onAttained: Prepared all plugins
2026-05-13 13:18:46.764+0000 [id=59]	INFO	jenkins.InitReactorRunner$1#onAttained: Started all plugins
2026-05-13 13:18:46.765+0000 [id=54]	INFO	jenkins.InitReactorRunner$1#onAttained: Augmented all extensions
2026-05-13 13:18:47.058+0000 [id=48]	INFO	jenkins.InitReactorRunner$1#onAttained: System config loaded
2026-05-13 13:18:47.060+0000 [id=48]	INFO	jenkins.InitReactorRunner$1#onAttained: System config adapted
2026-05-13 13:18:47.060+0000 [id=48]	INFO	jenkins.InitReactorRunner$1#onAttained: Loaded all jobs
2026-05-13 13:18:47.062+0000 [id=48]	INFO	jenkins.InitReactorRunner$1#onAttained: Configuration for all jobs updated
2026-05-13 13:18:47.173+0000 [id=76]	INFO	hudson.util.Retrier#start: Attempt #1 to do the action check updates server
2026-05-13 13:18:47.752+0000 [id=60]	INFO	jenkins.install.SetupWizard#init: 
[LF]> 
[LF]> *************************************************************
[LF]> *************************************************************
[LF]> *************************************************************
[LF]> 
[LF]> Jenkins initial setup is required. An admin user has been created and a password generated.
[LF]> Please use the following password to proceed to installation:
[LF]> 
[LF]> a5221b12a85a4b5ba884e789445c2a9f
[LF]> 
[LF]> This may also be found at: /Users/yuvrajdeshmukh/.jenkins/secrets/initialAdminPassword
[LF]> 
[LF]> *************************************************************
[LF]> *************************************************************
[LF]> *************************************************************

2026-05-13 13:18:57.690+0000 [id=60]	INFO	jenkins.InitReactorRunner$1#onAttained: Completed initialization
2026-05-13 13:18:57.760+0000 [id=39]	INFO	hudson.lifecycle.Lifecycle#onReady: Jenkins is fully up and running
2026-05-13 13:19:00.880+0000 [id=76]	INFO	h.m.DownloadService$Downloadable#load: Obtained the updated data file for hudson.tasks.Maven.MavenInstaller
2026-05-13 13:19:00.882+0000 [id=76]	INFO	hudson.util.Retrier#start: Performed the action check updates server successfully at the attempt #1
2026-05-13 13:20:09.481+0000 [id=30]	INFO	hudson.PluginManager#install: Starting installation of a batch of 19 plugins plus their dependencies
2026-05-13 13:20:09.495+0000 [id=30]	INFO	hudson.model.UpdateSite$Plugin#deploy: Adding dependent install of ionicons-api for plugin cloudbees-folder
2026-05-13 13:20:09.496+0000 [id=30]	INFO	hudson.model.UpdateSite$Plugin#deploy: Adding dependent install of commons-lang3-api for plugin ionicons-api
2026-05-13 13:20:09.501+0000 [id=121]	INFO	h.model.UpdateCenter$DownloadJob#run: Starting the installation of commons-lang3-api on behalf of admin
2026-05-13 13:20:09.502+0000 [id=30]	INFO	hudson.model.UpdateSite$Plugin#deploy: Adding dependent install of json-path-api for plugin build-timeout
2026-05-13 13:20:09.503+0000 [id=30]	INFO	hudson.model.UpdateSite$Plugin#deploy: Adding dependent install of asm-api for plugin json-path-api
2026-05-13 13:20:09.503+0000 [id=30]	INFO	hudson.model.UpdateSite$Plugin#deploy: Adding dependent install of token-macro for plugin build-timeout
2026-05-13 13:20:09.505+0000 [id=30]	INFO	hudson.model.UpdateSite$Plugin#deploy: Adding dependent install of workflow-step-api for plugin token-macro
2026-05-13 13:20:09.506+0000 [id=30]	INFO	hudson.model.UpdateSite$Plugin#deploy: Adding dependent install of structs for plugin workflow-step-api
2026-05-13 13:20:09.506+0000 [id=30]	INFO	hudson.model.UpdateSite$Plugin#deploy: Adding dependent install of commons-text-api for plugin token-macro
2026-05-13 13:20:09.508+0000 [id=30]	INFO	hudson.model.UpdateSite$Plugin#deploy: Adding dependent install of plain-credentials for plugin credentials-binding
2026-05-13 13:20:09.508+0000 [id=30]	INFO	hudson.model.UpdateSite$Plugin#deploy: Adding dependent install of credentials for plugin plain-credentials
2026-05-13 13:20:09.510+0000 [id=30]	INFO	hudson.model.UpdateSite$Plugin#deploy: Adding dependent install of bouncycastle-api for plugin credentials
2026-05-13 13:20:09.511+0000 [id=30]	INFO	hudson.model.UpdateSite$Plugin#deploy: Adding dependent install of ssh-credentials for plugin credentials-binding
2026-05-13 13:20:09.512+0000 [id=30]	INFO	hudson.model.UpdateSite$Plugin#deploy: Adding dependent install of variant for plugin ssh-credentials
2026-05-13 13:20:09.513+0000 [id=30]	INFO	hudson.model.UpdateSite$Plugin#deploy: Adding dependent install of workflow-api for plugin timestamper
2026-05-13 13:20:09.514+0000 [id=30]	INFO	hudson.model.UpdateSite$Plugin#deploy: Adding dependent install of scm-api for plugin workflow-api
2026-05-13 13:20:09.516+0000 [id=30]	INFO	hudson.model.UpdateSite$Plugin#deploy: Adding dependent install of matrix-project for plugin ws-cleanup
2026-05-13 13:20:09.517+0000 [id=30]	INFO	hudson.model.UpdateSite$Plugin#deploy: Adding dependent install of script-security for plugin matrix-project
2026-05-13 13:20:09.517+0000 [id=30]	INFO	hudson.model.UpdateSite$Plugin#deploy: Adding dependent install of caffeine-api for plugin script-security
2026-05-13 13:20:09.518+0000 [id=30]	INFO	hudson.model.UpdateSite$Plugin#deploy: Adding dependent install of junit for plugin matrix-project
2026-05-13 13:20:09.521+0000 [id=30]	INFO	hudson.model.UpdateSite$Plugin#deploy: Adding dependent install of bootstrap5-api for plugin junit
2026-05-13 13:20:09.523+0000 [id=30]	INFO	hudson.model.UpdateSite$Plugin#deploy: Adding dependent install of font-awesome-api for plugin bootstrap5-api
2026-05-13 13:20:09.525+0000 [id=30]	INFO	hudson.model.UpdateSite$Plugin#deploy: Adding dependent install of plugin-util-api for plugin font-awesome-api
2026-05-13 13:20:09.526+0000 [id=30]	INFO	hudson.model.UpdateSite$Plugin#deploy: Adding dependent install of workflow-support for plugin plugin-util-api
2026-05-13 13:20:09.527+0000 [id=30]	INFO	hudson.model.UpdateSite$Plugin#deploy: Adding dependent install of echarts-api for plugin junit
2026-05-13 13:20:09.527+0000 [id=30]	INFO	hudson.model.UpdateSite$Plugin#deploy: Adding dependent install of jackson3-api for plugin echarts-api
2026-05-13 13:20:09.528+0000 [id=30]	INFO	hudson.model.UpdateSite$Plugin#deploy: Adding dependent install of jackson-annotations2-api for plugin jackson3-api
2026-05-13 13:20:09.528+0000 [id=30]	INFO	hudson.model.UpdateSite$Plugin#deploy: Adding dependent install of snakeyaml-engine-api for plugin jackson3-api
2026-05-13 13:20:09.528+0000 [id=30]	INFO	hudson.model.UpdateSite$Plugin#deploy: Adding dependent install of woodstox-core-api for plugin jackson3-api
2026-05-13 13:20:09.529+0000 [id=30]	INFO	hudson.model.UpdateSite$Plugin#deploy: Adding dependent install of jquery3-api for plugin echarts-api
2026-05-13 13:20:09.529+0000 [id=30]	INFO	hudson.model.UpdateSite$Plugin#deploy: Adding dependent install of prism-api for plugin junit
2026-05-13 13:20:09.529+0000 [id=30]	INFO	hudson.model.UpdateSite$Plugin#deploy: Adding dependent install of display-url-api for plugin junit
2026-05-13 13:20:09.529+0000 [id=30]	INFO	hudson.model.UpdateSite$Plugin#deploy: Adding dependent install of checks-api for plugin junit
2026-05-13 13:20:09.530+0000 [id=30]	INFO	hudson.model.UpdateSite$Plugin#deploy: Adding dependent install of resource-disposer for plugin ws-cleanup
2026-05-13 13:20:09.531+0000 [id=30]	INFO	hudson.model.UpdateSite$Plugin#deploy: Adding dependent install of okhttp-api for plugin gradle
2026-05-13 13:20:09.531+0000 [id=30]	INFO	hudson.model.UpdateSite$Plugin#deploy: Adding dependent install of jackson2-api for plugin gradle
2026-05-13 13:20:09.532+0000 [id=30]	INFO	hudson.model.UpdateSite$Plugin#deploy: Adding dependent install of jaxb for plugin jackson2-api
2026-05-13 13:20:09.532+0000 [id=30]	INFO	hudson.model.UpdateSite$Plugin#deploy: Adding dependent install of javax-activation-api for plugin jaxb
2026-05-13 13:20:09.532+0000 [id=30]	INFO	hudson.model.UpdateSite$Plugin#deploy: Adding dependent install of json-api for plugin jackson2-api
2026-05-13 13:20:09.532+0000 [id=30]	INFO	hudson.model.UpdateSite$Plugin#deploy: Adding dependent install of jakarta-activation-api for plugin jackson2-api
2026-05-13 13:20:09.532+0000 [id=30]	INFO	hudson.model.UpdateSite$Plugin#deploy: Adding dependent install of snakeyaml-api for plugin jackson2-api
2026-05-13 13:20:09.533+0000 [id=30]	INFO	hudson.model.UpdateSite$Plugin#deploy: Adding dependent install of jakarta-xml-bind-api for plugin jackson2-api
2026-05-13 13:20:09.533+0000 [id=30]	INFO	hudson.model.UpdateSite$Plugin#deploy: Adding dependent install of apache-httpcomponents-client-4-api for plugin gradle
2026-05-13 13:20:09.533+0000 [id=30]	INFO	hudson.model.UpdateSite$Plugin#deploy: Adding dependent install of workflow-job for plugin gradle
2026-05-13 13:20:09.534+0000 [id=30]	INFO	hudson.model.UpdateSite$Plugin#deploy: Adding dependent install of pipeline-milestone-step for plugin workflow-aggregator
2026-05-13 13:20:09.534+0000 [id=30]	INFO	hudson.model.UpdateSite$Plugin#deploy: Adding dependent install of workflow-durable-task-step for plugin workflow-aggregator
2026-05-13 13:20:09.535+0000 [id=30]	INFO	hudson.model.UpdateSite$Plugin#deploy: Adding dependent install of durable-task for plugin workflow-durable-task-step
2026-05-13 13:20:09.535+0000 [id=30]	INFO	hudson.model.UpdateSite$Plugin#deploy: Adding dependent install of pipeline-build-step for plugin workflow-aggregator
2026-05-13 13:20:09.535+0000 [id=30]	INFO	hudson.model.UpdateSite$Plugin#deploy: Adding dependent install of pipeline-groovy-lib for plugin workflow-aggregator
2026-05-13 13:20:09.536+0000 [id=30]	INFO	hudson.model.UpdateSite$Plugin#deploy: Adding dependent install of workflow-scm-step for plugin pipeline-groovy-lib
2026-05-13 13:20:09.536+0000 [id=30]	INFO	hudson.model.UpdateSite$Plugin#deploy: Adding dependent install of workflow-cps for plugin pipeline-groovy-lib
2026-05-13 13:20:09.537+0000 [id=30]	INFO	hudson.model.UpdateSite$Plugin#deploy: Adding dependent install of pipeline-model-definition for plugin workflow-aggregator
2026-05-13 13:20:09.538+0000 [id=30]	INFO	hudson.model.UpdateSite$Plugin#deploy: Adding dependent install of pipeline-model-extensions for plugin pipeline-model-definition
2026-05-13 13:20:09.538+0000 [id=30]	INFO	hudson.model.UpdateSite$Plugin#deploy: Adding dependent install of pipeline-model-api for plugin pipeline-model-extensions
2026-05-13 13:20:09.539+0000 [id=30]	INFO	hudson.model.UpdateSite$Plugin#deploy: Adding dependent install of joda-time-api for plugin pipeline-model-api
2026-05-13 13:20:09.539+0000 [id=30]	INFO	hudson.model.UpdateSite$Plugin#deploy: Adding dependent install of pipeline-stage-step for plugin pipeline-model-extensions
2026-05-13 13:20:09.539+0000 [id=30]	INFO	hudson.model.UpdateSite$Plugin#deploy: Adding dependent install of mailer for plugin pipeline-model-definition
2026-05-13 13:20:09.540+0000 [id=30]	INFO	hudson.model.UpdateSite$Plugin#deploy: Adding dependent install of jakarta-mail-api for plugin mailer
2026-05-13 13:20:09.541+0000 [id=30]	INFO	hudson.model.UpdateSite$Plugin#deploy: Adding dependent install of instance-identity for plugin mailer
2026-05-13 13:20:09.542+0000 [id=30]	INFO	hudson.model.UpdateSite$Plugin#deploy: Adding dependent install of workflow-multibranch for plugin pipeline-model-definition
2026-05-13 13:20:09.543+0000 [id=30]	INFO	hudson.model.UpdateSite$Plugin#deploy: Adding dependent install of branch-api for plugin workflow-multibranch
2026-05-13 13:20:09.545+0000 [id=30]	INFO	hudson.model.UpdateSite$Plugin#deploy: Adding dependent install of pipeline-stage-tags-metadata for plugin pipeline-model-definition
2026-05-13 13:20:09.546+0000 [id=30]	INFO	hudson.model.UpdateSite$Plugin#deploy: Adding dependent install of pipeline-input-step for plugin pipeline-model-definition
2026-05-13 13:20:09.547+0000 [id=30]	INFO	hudson.model.UpdateSite$Plugin#deploy: Adding dependent install of workflow-basic-steps for plugin pipeline-model-definition
2026-05-13 13:20:09.551+0000 [id=30]	INFO	hudson.model.UpdateSite$Plugin#deploy: Adding dependent install of jjwt-api for plugin github-branch-source
2026-05-13 13:20:09.552+0000 [id=30]	INFO	hudson.model.UpdateSite$Plugin#deploy: Adding dependent install of github-api for plugin github-branch-source
2026-05-13 13:20:09.552+0000 [id=30]	INFO	hudson.model.UpdateSite$Plugin#deploy: Adding dependent install of github for plugin github-branch-source
2026-05-13 13:20:09.552+0000 [id=30]	INFO	hudson.model.UpdateSite$Plugin#deploy: Adding dependent install of git for plugin github
2026-05-13 13:20:09.554+0000 [id=30]	INFO	hudson.model.UpdateSite$Plugin#deploy: Adding dependent install of git-client for plugin git
2026-05-13 13:20:09.555+0000 [id=30]	INFO	hudson.model.UpdateSite$Plugin#deploy: Adding dependent install of mina-sshd-api-core for plugin git-client
2026-05-13 13:20:09.556+0000 [id=30]	INFO	hudson.model.UpdateSite$Plugin#deploy: Adding dependent install of mina-sshd-api-common for plugin mina-sshd-api-core
2026-05-13 13:20:09.557+0000 [id=30]	INFO	hudson.model.UpdateSite$Plugin#deploy: Adding dependent install of gson-api for plugin git-client
2026-05-13 13:20:09.559+0000 [id=30]	INFO	hudson.model.UpdateSite$Plugin#deploy: Adding dependent install of metrics for plugin pipeline-graph-view
2026-05-13 13:20:09.561+0000 [id=30]	INFO	hudson.model.UpdateSite$Plugin#deploy: Adding dependent install of trilead-api for plugin ssh-slaves
2026-05-13 13:20:09.561+0000 [id=30]	INFO	hudson.model.UpdateSite$Plugin#deploy: Adding dependent install of eddsa-api for plugin trilead-api
2026-05-13 13:20:09.563+0000 [id=30]	INFO	hudson.model.UpdateSite$Plugin#deploy: Adding dependent install of jsoup for plugin email-ext
2026-05-13 13:20:09.563+0000 [id=30]	INFO	hudson.model.UpdateSite$Plugin#deploy: Adding dependent install of theme-manager for plugin dark-theme
2026-05-13 13:20:09.768+0000 [id=121]	INFO	h.model.UpdateCenter$DownloadJob#run: Installation successful: commons-lang3-api
2026-05-13 13:20:09.769+0000 [id=121]	INFO	h.model.UpdateCenter$DownloadJob#run: Starting the installation of ionicons-api on behalf of admin
2026-05-13 13:20:09.821+0000 [id=121]	INFO	h.model.UpdateCenter$DownloadJob#run: Installation successful: ionicons-api
2026-05-13 13:20:09.822+0000 [id=121]	INFO	h.model.UpdateCenter$DownloadJob#run: Starting the installation of cloudbees-folder on behalf of admin
2026-05-13 13:20:09.827+0000 [id=121]	INFO	h.m.UpdateCenter$UpdateCenterConfiguration#download: Downloading cloudbees-folder
2026-05-13 13:20:13.390+0000 [id=121]	INFO	h.model.UpdateCenter$DownloadJob#run: Installation successful: cloudbees-folder
2026-05-13 13:20:13.392+0000 [id=121]	INFO	h.model.UpdateCenter$DownloadJob#run: Starting the installation of antisamy-markup-formatter on behalf of admin
2026-05-13 13:20:13.422+0000 [id=121]	INFO	h.model.UpdateCenter$DownloadJob#run: Installation successful: antisamy-markup-formatter
2026-05-13 13:20:13.422+0000 [id=121]	INFO	h.model.UpdateCenter$DownloadJob#run: Starting the installation of asm-api on behalf of admin
2026-05-13 13:20:13.458+0000 [id=121]	INFO	h.model.UpdateCenter$DownloadJob#run: Installation successful: asm-api
2026-05-13 13:20:13.459+0000 [id=121]	INFO	h.model.UpdateCenter$DownloadJob#run: Starting the installation of json-path-api on behalf of admin
2026-05-13 13:20:13.461+0000 [id=121]	INFO	h.m.UpdateCenter$UpdateCenterConfiguration#download: Downloading json-path-api
2026-05-13 13:20:15.996+0000 [id=121]	INFO	h.model.UpdateCenter$DownloadJob#run: Installation successful: json-path-api
2026-05-13 13:20:15.999+0000 [id=121]	INFO	h.model.UpdateCenter$DownloadJob#run: Starting the installation of structs on behalf of admin
2026-05-13 13:20:16.019+0000 [id=121]	INFO	h.model.UpdateCenter$DownloadJob#run: Installation successful: structs
2026-05-13 13:20:16.019+0000 [id=121]	INFO	h.model.UpdateCenter$DownloadJob#run: Starting the installation of workflow-step-api on behalf of admin
2026-05-13 13:20:16.024+0000 [id=121]	INFO	h.m.UpdateCenter$UpdateCenterConfiguration#download: Downloading workflow-step-api
2026-05-13 13:20:19.379+0000 [id=121]	INFO	h.model.UpdateCenter$DownloadJob#run: Installation successful: workflow-step-api
2026-05-13 13:20:19.381+0000 [id=121]	INFO	h.model.UpdateCenter$DownloadJob#run: Starting the installation of commons-text-api on behalf of admin
2026-05-13 13:20:19.397+0000 [id=121]	INFO	h.model.UpdateCenter$DownloadJob#run: Installation successful: commons-text-api
2026-05-13 13:20:19.397+0000 [id=121]	INFO	h.model.UpdateCenter$DownloadJob#run: Starting the installation of token-macro on behalf of admin
2026-05-13 13:20:19.399+0000 [id=121]	INFO	h.m.UpdateCenter$UpdateCenterConfiguration#download: Downloading token-macro
2026-05-13 13:20:22.140+0000 [id=121]	INFO	h.model.UpdateCenter$DownloadJob#run: Installation successful: token-macro
2026-05-13 13:20:22.143+0000 [id=121]	INFO	h.model.UpdateCenter$DownloadJob#run: Starting the installation of build-timeout on behalf of admin
2026-05-13 13:20:22.146+0000 [id=121]	INFO	h.m.UpdateCenter$UpdateCenterConfiguration#download: Downloading build-timeout
2026-05-13 13:20:24.516+0000 [id=121]	INFO	h.model.UpdateCenter$DownloadJob#run: Installation successful: build-timeout
2026-05-13 13:20:24.517+0000 [id=121]	INFO	h.model.UpdateCenter$DownloadJob#run: Starting the installation of bouncycastle-api on behalf of admin
2026-05-13 13:20:24.567+0000 [id=121]	INFO	h.m.UpdateCenter$UpdateCenterConfiguration#download: Downloading bouncycastle-api
2026-05-13 13:20:31.357+0000 [id=121]	INFO	h.model.UpdateCenter$DownloadJob#run: Installation successful: bouncycastle-api
2026-05-13 13:20:31.359+0000 [id=121]	INFO	h.model.UpdateCenter$DownloadJob#run: Starting the installation of credentials on behalf of admin
2026-05-13 13:20:31.360+0000 [id=121]	INFO	h.m.UpdateCenter$UpdateCenterConfiguration#download: Downloading credentials
2026-05-13 13:20:35.580+0000 [id=121]	INFO	h.model.UpdateCenter$DownloadJob#run: Installation successful: credentials
2026-05-13 13:20:35.586+0000 [id=121]	INFO	h.model.UpdateCenter$DownloadJob#run: Starting the installation of plain-credentials on behalf of admin
2026-05-13 13:20:35.589+0000 [id=121]	INFO	h.m.UpdateCenter$UpdateCenterConfiguration#download: Downloading plain-credentials
2026-05-13 13:20:38.509+0000 [id=121]	INFO	h.model.UpdateCenter$DownloadJob#run: Installation successful: plain-credentials
2026-05-13 13:20:38.512+0000 [id=121]	INFO	h.model.UpdateCenter$DownloadJob#run: Starting the installation of variant on behalf of admin
2026-05-13 13:20:38.514+0000 [id=121]	INFO	h.m.UpdateCenter$UpdateCenterConfiguration#download: Downloading variant
2026-05-13 13:20:40.968+0000 [id=121]	INFO	h.model.UpdateCenter$DownloadJob#run: Installation successful: variant
2026-05-13 13:20:40.971+0000 [id=121]	INFO	h.model.UpdateCenter$DownloadJob#run: Starting the installation of ssh-credentials on behalf of admin
2026-05-13 13:20:40.973+0000 [id=121]	INFO	h.m.UpdateCenter$UpdateCenterConfiguration#download: Downloading ssh-credentials
2026-05-13 13:20:43.257+0000 [id=121]	INFO	h.model.UpdateCenter$DownloadJob#run: Installation successful: ssh-credentials
2026-05-13 13:20:43.259+0000 [id=121]	INFO	h.model.UpdateCenter$DownloadJob#run: Starting the installation of credentials-binding on behalf of admin
2026-05-13 13:20:43.261+0000 [id=121]	INFO	h.m.UpdateCenter$UpdateCenterConfiguration#download: Downloading credentials-binding
2026-05-13 13:20:45.832+0000 [id=121]	INFO	h.model.UpdateCenter$DownloadJob#run: Installation successful: credentials-binding
2026-05-13 13:20:45.835+0000 [id=121]	INFO	h.model.UpdateCenter$DownloadJob#run: Starting the installation of scm-api on behalf of admin
2026-05-13 13:20:45.865+0000 [id=121]	INFO	h.model.UpdateCenter$DownloadJob#run: Installation successful: scm-api
2026-05-13 13:20:45.865+0000 [id=121]	INFO	h.model.UpdateCenter$DownloadJob#run: Starting the installation of workflow-api on behalf of admin
2026-05-13 13:20:45.871+0000 [id=121]	INFO	h.m.UpdateCenter$UpdateCenterConfiguration#download: Downloading workflow-api
2026-05-13 13:20:49.360+0000 [id=121]	INFO	h.model.UpdateCenter$DownloadJob#run: Installation successful: workflow-api
2026-05-13 13:20:49.363+0000 [id=121]	INFO	h.model.UpdateCenter$DownloadJob#run: Starting the installation of timestamper on behalf of admin
2026-05-13 13:20:49.367+0000 [id=121]	INFO	h.m.UpdateCenter$UpdateCenterConfiguration#download: Downloading timestamper
2026-05-13 13:20:52.021+0000 [id=121]	INFO	h.model.UpdateCenter$DownloadJob#run: Installation successful: timestamper
2026-05-13 13:20:52.026+0000 [id=121]	INFO	h.model.UpdateCenter$DownloadJob#run: Starting the installation of caffeine-api on behalf of admin
2026-05-13 13:20:52.080+0000 [id=121]	INFO	h.model.UpdateCenter$DownloadJob#run: Installation successful: caffeine-api
2026-05-13 13:20:52.081+0000 [id=121]	INFO	h.model.UpdateCenter$DownloadJob#run: Starting the installation of script-security on behalf of admin
2026-05-13 13:20:52.087+0000 [id=121]	INFO	h.m.UpdateCenter$UpdateCenterConfiguration#download: Downloading script-security
2026-05-13 13:20:55.753+0000 [id=121]	INFO	h.model.UpdateCenter$DownloadJob#run: Installation successful: script-security
2026-05-13 13:20:55.766+0000 [id=121]	INFO	h.model.UpdateCenter$DownloadJob#run: Starting the installation of workflow-support on behalf of admin
2026-05-13 13:20:55.835+0000 [id=121]	INFO	h.model.UpdateCenter$DownloadJob#run: Installation successful: workflow-support
2026-05-13 13:20:55.836+0000 [id=121]	INFO	h.model.UpdateCenter$DownloadJob#run: Starting the installation of plugin-util-api on behalf of admin
2026-05-13 13:20:55.844+0000 [id=121]	INFO	h.m.UpdateCenter$UpdateCenterConfiguration#download: Downloading plugin-util-api
2026-05-13 13:20:58.655+0000 [id=121]	INFO	h.model.UpdateCenter$DownloadJob#run: Installation successful: plugin-util-api
2026-05-13 13:20:58.661+0000 [id=121]	INFO	h.model.UpdateCenter$DownloadJob#run: Starting the installation of font-awesome-api on behalf of admin
2026-05-13 13:20:58.682+0000 [id=121]	INFO	h.m.UpdateCenter$UpdateCenterConfiguration#download: Downloading font-awesome-api
2026-05-13 13:21:01.013+0000 [id=121]	INFO	h.model.UpdateCenter$DownloadJob#run: Installation successful: font-awesome-api
2026-05-13 13:21:01.016+0000 [id=121]	INFO	h.model.UpdateCenter$DownloadJob#run: Starting the installation of bootstrap5-api on behalf of admin
2026-05-13 13:21:01.024+0000 [id=121]	INFO	h.m.UpdateCenter$UpdateCenterConfiguration#download: Downloading bootstrap5-api
2026-05-13 13:21:04.454+0000 [id=121]	INFO	h.model.UpdateCenter$DownloadJob#run: Installation successful: bootstrap5-api
2026-05-13 13:21:04.460+0000 [id=121]	INFO	h.model.UpdateCenter$DownloadJob#run: Starting the installation of jackson-annotations2-api on behalf of admin
2026-05-13 13:21:04.468+0000 [id=121]	INFO	h.m.UpdateCenter$UpdateCenterConfiguration#download: Downloading jackson-annotations2-api
2026-05-13 13:21:07.612+0000 [id=121]	INFO	h.model.UpdateCenter$DownloadJob#run: Installation successful: jackson-annotations2-api
2026-05-13 13:21:07.613+0000 [id=121]	INFO	h.model.UpdateCenter$DownloadJob#run: Starting the installation of snakeyaml-engine-api on behalf of admin
2026-05-13 13:21:07.633+0000 [id=121]	INFO	h.model.UpdateCenter$DownloadJob#run: Installation successful: snakeyaml-engine-api
2026-05-13 13:21:07.633+0000 [id=121]	INFO	h.model.UpdateCenter$DownloadJob#run: Starting the installation of woodstox-core-api on behalf of admin
2026-05-13 13:21:07.634+0000 [id=121]	INFO	h.m.UpdateCenter$UpdateCenterConfiguration#download: Downloading woodstox-core-api
2026-05-13 13:21:11.373+0000 [id=121]	INFO	h.model.UpdateCenter$DownloadJob#run: Installation successful: woodstox-core-api
2026-05-13 13:21:11.376+0000 [id=121]	INFO	h.model.UpdateCenter$DownloadJob#run: Starting the installation of jackson3-api on behalf of admin
2026-05-13 13:21:11.407+0000 [id=121]	INFO	h.m.UpdateCenter$UpdateCenterConfiguration#download: Downloading jackson3-api
2026-05-13 13:21:15.935+0000 [id=121]	INFO	h.model.UpdateCenter$DownloadJob#run: Installation successful: jackson3-api
2026-05-13 13:21:15.939+0000 [id=121]	INFO	h.model.UpdateCenter$DownloadJob#run: Starting the installation of jquery3-api on behalf of admin
2026-05-13 13:21:15.947+0000 [id=121]	INFO	h.m.UpdateCenter$UpdateCenterConfiguration#download: Downloading jquery3-api
2026-05-13 13:21:18.327+0000 [id=121]	INFO	h.model.UpdateCenter$DownloadJob#run: Installation successful: jquery3-api
2026-05-13 13:21:18.332+0000 [id=121]	INFO	h.model.UpdateCenter$DownloadJob#run: Starting the installation of echarts-api on behalf of admin
2026-05-13 13:21:18.365+0000 [id=121]	INFO	h.m.UpdateCenter$UpdateCenterConfiguration#download: Downloading echarts-api
2026-05-13 13:21:23.092+0000 [id=121]	INFO	h.model.UpdateCenter$DownloadJob#run: Installation successful: echarts-api
2026-05-13 13:21:23.097+0000 [id=121]	INFO	h.model.UpdateCenter$DownloadJob#run: Starting the installation of prism-api on behalf of admin
2026-05-13 13:21:23.111+0000 [id=121]	INFO	h.m.UpdateCenter$UpdateCenterConfiguration#download: Downloading prism-api
2026-05-13 13:21:26.124+0000 [id=121]	INFO	h.model.UpdateCenter$DownloadJob#run: Installation successful: prism-api
2026-05-13 13:21:26.128+0000 [id=121]	INFO	h.model.UpdateCenter$DownloadJob#run: Starting the installation of display-url-api on behalf of admin
2026-05-13 13:21:26.154+0000 [id=121]	INFO	h.model.UpdateCenter$DownloadJob#run: Installation successful: display-url-api
2026-05-13 13:21:26.155+0000 [id=121]	INFO	h.model.UpdateCenter$DownloadJob#run: Starting the installation of checks-api on behalf of admin
2026-05-13 13:21:26.175+0000 [id=121]	INFO	h.model.UpdateCenter$DownloadJob#run: Installation successful: checks-api
2026-05-13 13:21:26.176+0000 [id=121]	INFO	h.model.UpdateCenter$DownloadJob#run: Starting the installation of junit on behalf of admin
2026-05-13 13:21:26.183+0000 [id=121]	INFO	h.m.UpdateCenter$UpdateCenterConfiguration#download: Downloading junit
2026-05-13 13:21:29.994+0000 [id=121]	INFO	h.model.UpdateCenter$DownloadJob#run: Installation successful: junit
2026-05-13 13:21:29.996+0000 [id=121]	INFO	h.model.UpdateCenter$DownloadJob#run: Starting the installation of matrix-project on behalf of admin
2026-05-13 13:21:30.031+0000 [id=121]	INFO	h.model.UpdateCenter$DownloadJob#run: Installation successful: matrix-project
2026-05-13 13:21:30.031+0000 [id=121]	INFO	h.model.UpdateCenter$DownloadJob#run: Starting the installation of resource-disposer on behalf of admin
2026-05-13 13:21:30.032+0000 [id=121]	INFO	h.m.UpdateCenter$UpdateCenterConfiguration#download: Downloading resource-disposer
2026-05-13 13:21:32.644+0000 [id=121]	INFO	h.model.UpdateCenter$DownloadJob#run: Installation successful: resource-disposer
2026-05-13 13:21:32.647+0000 [id=121]	INFO	h.model.UpdateCenter$DownloadJob#run: Starting the installation of ws-cleanup on behalf of admin
2026-05-13 13:21:32.649+0000 [id=121]	INFO	h.m.UpdateCenter$UpdateCenterConfiguration#download: Downloading ws-cleanup
2026-05-13 13:21:35.194+0000 [id=121]	INFO	h.model.UpdateCenter$DownloadJob#run: Installation successful: ws-cleanup
2026-05-13 13:21:35.197+0000 [id=121]	INFO	h.model.UpdateCenter$DownloadJob#run: Starting the installation of ant on behalf of admin
2026-05-13 13:21:35.199+0000 [id=121]	INFO	h.m.UpdateCenter$UpdateCenterConfiguration#download: Downloading ant
2026-05-13 13:21:38.224+0000 [id=121]	INFO	h.model.UpdateCenter$DownloadJob#run: Installation successful: ant
2026-05-13 13:21:38.227+0000 [id=121]	INFO	h.model.UpdateCenter$DownloadJob#run: Starting the installation of okhttp-api on behalf of admin
2026-05-13 13:21:38.230+0000 [id=121]	INFO	h.m.UpdateCenter$UpdateCenterConfiguration#download: Downloading okhttp-api
2026-05-13 13:21:42.111+0000 [id=121]	INFO	h.model.UpdateCenter$DownloadJob#run: Installation successful: okhttp-api
2026-05-13 13:21:42.112+0000 [id=121]	INFO	h.model.UpdateCenter$DownloadJob#run: Starting the installation of javax-activation-api on behalf of admin
2026-05-13 13:21:42.129+0000 [id=121]	INFO	h.model.UpdateCenter$DownloadJob#run: Installation successful: javax-activation-api
2026-05-13 13:21:42.130+0000 [id=121]	INFO	h.model.UpdateCenter$DownloadJob#run: Starting the installation of jaxb on behalf of admin
2026-05-13 13:21:42.188+0000 [id=121]	INFO	h.model.UpdateCenter$DownloadJob#run: Installation successful: jaxb
2026-05-13 13:21:42.188+0000 [id=121]	INFO	h.model.UpdateCenter$DownloadJob#run: Starting the installation of json-api on behalf of admin
2026-05-13 13:21:42.191+0000 [id=121]	INFO	h.m.UpdateCenter$UpdateCenterConfiguration#download: Downloading json-api
2026-05-13 13:21:45.283+0000 [id=121]	INFO	h.model.UpdateCenter$DownloadJob#run: Installation successful: json-api
2026-05-13 13:21:45.285+0000 [id=121]	INFO	h.model.UpdateCenter$DownloadJob#run: Starting the installation of jakarta-activation-api on behalf of admin
2026-05-13 13:21:45.311+0000 [id=121]	INFO	h.model.UpdateCenter$DownloadJob#run: Installation successful: jakarta-activation-api
2026-05-13 13:21:45.311+0000 [id=121]	INFO	h.model.UpdateCenter$DownloadJob#run: Starting the installation of snakeyaml-api on behalf of admin
2026-05-13 13:21:45.349+0000 [id=121]	INFO	h.model.UpdateCenter$DownloadJob#run: Installation successful: snakeyaml-api
2026-05-13 13:21:45.349+0000 [id=121]	INFO	h.model.UpdateCenter$DownloadJob#run: Starting the installation of jakarta-xml-bind-api on behalf of admin
2026-05-13 13:21:45.420+0000 [id=121]	INFO	h.model.UpdateCenter$DownloadJob#run: Installation successful: jakarta-xml-bind-api
2026-05-13 13:21:45.421+0000 [id=121]	INFO	h.model.UpdateCenter$DownloadJob#run: Starting the installation of jackson2-api on behalf of admin
2026-05-13 13:21:45.457+0000 [id=121]	INFO	h.m.UpdateCenter$UpdateCenterConfiguration#download: Downloading jackson2-api
2026-05-13 13:21:49.136+0000 [id=121]	INFO	h.model.UpdateCenter$DownloadJob#run: Installation successful: jackson2-api
2026-05-13 13:21:49.138+0000 [id=121]	INFO	h.model.UpdateCenter$DownloadJob#run: Starting the installation of apache-httpcomponents-client-4-api on behalf of admin
2026-05-13 13:21:49.230+0000 [id=121]	INFO	h.model.UpdateCenter$DownloadJob#run: Installation successful: apache-httpcomponents-client-4-api
2026-05-13 13:21:49.231+0000 [id=121]	INFO	h.model.UpdateCenter$DownloadJob#run: Starting the installation of workflow-job on behalf of admin
2026-05-13 13:21:49.235+0000 [id=121]	INFO	h.m.UpdateCenter$UpdateCenterConfiguration#download: Downloading workflow-job
2026-05-13 13:21:52.465+0000 [id=121]	INFO	h.model.UpdateCenter$DownloadJob#run: Installation successful: workflow-job
2026-05-13 13:21:52.469+0000 [id=121]	INFO	h.model.UpdateCenter$DownloadJob#run: Starting the installation of gradle on behalf of admin
2026-05-13 13:21:52.470+0000 [id=121]	INFO	h.m.UpdateCenter$UpdateCenterConfiguration#download: Downloading gradle
2026-05-13 13:21:56.904+0000 [id=121]	INFO	h.model.UpdateCenter$DownloadJob#run: Installation successful: gradle
2026-05-13 13:21:56.907+0000 [id=121]	INFO	h.model.UpdateCenter$DownloadJob#run: Starting the installation of pipeline-milestone-step on behalf of admin
2026-05-13 13:21:56.910+0000 [id=121]	INFO	h.m.UpdateCenter$UpdateCenterConfiguration#download: Downloading pipeline-milestone-step
2026-05-13 13:21:59.517+0000 [id=121]	INFO	h.model.UpdateCenter$DownloadJob#run: Installation successful: pipeline-milestone-step
2026-05-13 13:21:59.519+0000 [id=121]	INFO	h.model.UpdateCenter$DownloadJob#run: Starting the installation of durable-task on behalf of admin
2026-05-13 13:21:59.521+0000 [id=121]	INFO	h.m.UpdateCenter$UpdateCenterConfiguration#download: Downloading durable-task
2026-05-13 13:22:03.493+0000 [id=121]	INFO	h.model.UpdateCenter$DownloadJob#run: Installation successful: durable-task
2026-05-13 13:22:03.497+0000 [id=121]	INFO	h.model.UpdateCenter$DownloadJob#run: Starting the installation of workflow-durable-task-step on behalf of admin
2026-05-13 13:22:03.500+0000 [id=121]	INFO	h.m.UpdateCenter$UpdateCenterConfiguration#download: Downloading workflow-durable-task-step
2026-05-13 13:22:06.507+0000 [id=121]	INFO	h.model.UpdateCenter$DownloadJob#run: Installation successful: workflow-durable-task-step
2026-05-13 13:22:06.511+0000 [id=121]	INFO	h.model.UpdateCenter$DownloadJob#run: Starting the installation of pipeline-build-step on behalf of admin
2026-05-13 13:22:06.514+0000 [id=121]	INFO	h.m.UpdateCenter$UpdateCenterConfiguration#download: Downloading pipeline-build-step
2026-05-13 13:22:08.487+0000 [id=121]	INFO	h.model.UpdateCenter$DownloadJob#run: Installation successful: pipeline-build-step
2026-05-13 13:22:08.489+0000 [id=121]	INFO	h.model.UpdateCenter$DownloadJob#run: Starting the installation of workflow-scm-step on behalf of admin
2026-05-13 13:22:08.491+0000 [id=121]	INFO	h.m.UpdateCenter$UpdateCenterConfiguration#download: Downloading workflow-scm-step
2026-05-13 13:22:10.892+0000 [id=121]	INFO	h.model.UpdateCenter$DownloadJob#run: Installation successful: workflow-scm-step
2026-05-13 13:22:10.894+0000 [id=121]	INFO	h.model.UpdateCenter$DownloadJob#run: Starting the installation of workflow-cps on behalf of admin
2026-05-13 13:22:10.895+0000 [id=121]	INFO	h.m.UpdateCenter$UpdateCenterConfiguration#download: Downloading workflow-cps
2026-05-13 13:22:14.748+0000 [id=121]	INFO	h.model.UpdateCenter$DownloadJob#run: Installation successful: workflow-cps
2026-05-13 13:22:14.750+0000 [id=121]	INFO	h.model.UpdateCenter$DownloadJob#run: Starting the installation of pipeline-groovy-lib on behalf of admin
2026-05-13 13:22:14.751+0000 [id=121]	INFO	h.m.UpdateCenter$UpdateCenterConfiguration#download: Downloading pipeline-groovy-lib
2026-05-13 13:22:18.731+0000 [id=121]	INFO	h.model.UpdateCenter$DownloadJob#run: Installation successful: pipeline-groovy-lib
2026-05-13 13:22:18.737+0000 [id=121]	INFO	h.model.UpdateCenter$DownloadJob#run: Starting the installation of joda-time-api on behalf of admin
2026-05-13 13:22:18.746+0000 [id=121]	INFO	h.m.UpdateCenter$UpdateCenterConfiguration#download: Downloading joda-time-api
2026-05-13 13:22:21.785+0000 [id=121]	INFO	h.model.UpdateCenter$DownloadJob#run: Installation successful: joda-time-api
2026-05-13 13:22:21.787+0000 [id=121]	INFO	h.model.UpdateCenter$DownloadJob#run: Starting the installation of pipeline-model-api on behalf of admin
2026-05-13 13:22:21.790+0000 [id=121]	INFO	h.m.UpdateCenter$UpdateCenterConfiguration#download: Downloading pipeline-model-api
2026-05-13 13:22:24.639+0000 [id=121]	INFO	h.model.UpdateCenter$DownloadJob#run: Installation successful: pipeline-model-api
2026-05-13 13:22:24.642+0000 [id=121]	INFO	h.model.UpdateCenter$DownloadJob#run: Starting the installation of pipeline-stage-step on behalf of admin
2026-05-13 13:22:24.643+0000 [id=121]	INFO	h.m.UpdateCenter$UpdateCenterConfiguration#download: Downloading pipeline-stage-step
2026-05-13 13:22:26.690+0000 [id=121]	INFO	h.model.UpdateCenter$DownloadJob#run: Installation successful: pipeline-stage-step
2026-05-13 13:22:26.691+0000 [id=121]	INFO	h.model.UpdateCenter$DownloadJob#run: Starting the installation of pipeline-model-extensions on behalf of admin
2026-05-13 13:22:26.692+0000 [id=121]	INFO	h.m.UpdateCenter$UpdateCenterConfiguration#download: Downloading pipeline-model-extensions
2026-05-13 13:22:29.216+0000 [id=121]	INFO	h.model.UpdateCenter$DownloadJob#run: Installation successful: pipeline-model-extensions
2026-05-13 13:22:29.220+0000 [id=121]	INFO	h.model.UpdateCenter$DownloadJob#run: Starting the installation of jakarta-mail-api on behalf of admin
2026-05-13 13:22:29.268+0000 [id=121]	INFO	h.model.UpdateCenter$DownloadJob#run: Installation successful: jakarta-mail-api
2026-05-13 13:22:29.269+0000 [id=121]	INFO	h.model.UpdateCenter$DownloadJob#run: Starting the installation of instance-identity on behalf of admin
2026-05-13 13:22:29.279+0000 [id=121]	INFO	h.model.UpdateCenter$DownloadJob#run: Installation successful: instance-identity
2026-05-13 13:22:29.279+0000 [id=121]	INFO	h.model.UpdateCenter$DownloadJob#run: Starting the installation of mailer on behalf of admin
2026-05-13 13:22:29.281+0000 [id=121]	INFO	h.m.UpdateCenter$UpdateCenterConfiguration#download: Downloading mailer
2026-05-13 13:22:31.816+0000 [id=121]	INFO	h.model.UpdateCenter$DownloadJob#run: Installation successful: mailer
2026-05-13 13:22:31.821+0000 [id=121]	INFO	h.model.UpdateCenter$DownloadJob#run: Starting the installation of branch-api on behalf of admin
2026-05-13 13:22:31.824+0000 [id=121]	INFO	h.m.UpdateCenter$UpdateCenterConfiguration#download: Downloading branch-api
2026-05-13 13:22:34.550+0000 [id=121]	INFO	h.model.UpdateCenter$DownloadJob#run: Installation successful: branch-api
2026-05-13 13:22:34.553+0000 [id=121]	INFO	h.model.UpdateCenter$DownloadJob#run: Starting the installation of workflow-multibranch on behalf of admin
2026-05-13 13:22:34.559+0000 [id=121]	INFO	h.m.UpdateCenter$UpdateCenterConfiguration#download: Downloading workflow-multibranch
2026-05-13 13:22:36.791+0000 [id=121]	INFO	h.model.UpdateCenter$DownloadJob#run: Installation successful: workflow-multibranch
2026-05-13 13:22:36.796+0000 [id=121]	INFO	h.model.UpdateCenter$DownloadJob#run: Starting the installation of pipeline-stage-tags-metadata on behalf of admin
2026-05-13 13:22:36.801+0000 [id=121]	INFO	h.m.UpdateCenter$UpdateCenterConfiguration#download: Downloading pipeline-stage-tags-metadata
2026-05-13 13:22:38.946+0000 [id=121]	INFO	h.model.UpdateCenter$DownloadJob#run: Installation successful: pipeline-stage-tags-metadata
2026-05-13 13:22:38.950+0000 [id=121]	INFO	h.model.UpdateCenter$DownloadJob#run: Starting the installation of pipeline-input-step on behalf of admin
2026-05-13 13:22:38.951+0000 [id=121]	INFO	h.m.UpdateCenter$UpdateCenterConfiguration#download: Downloading pipeline-input-step
2026-05-13 13:22:40.893+0000 [id=121]	INFO	h.model.UpdateCenter$DownloadJob#run: Installation successful: pipeline-input-step
2026-05-13 13:22:40.902+0000 [id=121]	INFO	h.model.UpdateCenter$DownloadJob#run: Starting the installation of workflow-basic-steps on behalf of admin
2026-05-13 13:22:40.905+0000 [id=121]	INFO	h.m.UpdateCenter$UpdateCenterConfiguration#download: Downloading workflow-basic-steps
2026-05-13 13:22:44.525+0000 [id=121]	INFO	h.model.UpdateCenter$DownloadJob#run: Installation successful: workflow-basic-steps
2026-05-13 13:22:44.527+0000 [id=121]	INFO	h.model.UpdateCenter$DownloadJob#run: Starting the installation of pipeline-model-definition on behalf of admin
2026-05-13 13:22:44.528+0000 [id=121]	INFO	h.m.UpdateCenter$UpdateCenterConfiguration#download: Downloading pipeline-model-definition
2026-05-13 13:22:48.090+0000 [id=121]	INFO	h.model.UpdateCenter$DownloadJob#run: Installation successful: pipeline-model-definition
2026-05-13 13:22:48.093+0000 [id=121]	INFO	h.model.UpdateCenter$DownloadJob#run: Starting the installation of workflow-aggregator on behalf of admin
2026-05-13 13:22:48.096+0000 [id=121]	INFO	h.m.UpdateCenter$UpdateCenterConfiguration#download: Downloading workflow-aggregator
2026-05-13 13:22:50.417+0000 [id=121]	INFO	h.model.UpdateCenter$DownloadJob#run: Installation successful: workflow-aggregator
2026-05-13 13:22:50.420+0000 [id=121]	INFO	h.model.UpdateCenter$DownloadJob#run: Starting the installation of jjwt-api on behalf of admin
2026-05-13 13:22:50.422+0000 [id=121]	INFO	h.m.UpdateCenter$UpdateCenterConfiguration#download: Downloading jjwt-api
2026-05-13 13:22:53.209+0000 [id=121]	INFO	h.model.UpdateCenter$DownloadJob#run: Installation successful: jjwt-api
2026-05-13 13:22:53.211+0000 [id=121]	INFO	h.model.UpdateCenter$DownloadJob#run: Starting the installation of github-api on behalf of admin
2026-05-13 13:22:53.214+0000 [id=121]	INFO	h.m.UpdateCenter$UpdateCenterConfiguration#download: Downloading github-api
2026-05-13 13:22:56.037+0000 [id=121]	INFO	h.model.UpdateCenter$DownloadJob#run: Installation successful: github-api
2026-05-13 13:22:56.038+0000 [id=121]	INFO	h.model.UpdateCenter$DownloadJob#run: Starting the installation of mina-sshd-api-common on behalf of admin
2026-05-13 13:22:56.049+0000 [id=121]	INFO	h.m.UpdateCenter$UpdateCenterConfiguration#download: Downloading mina-sshd-api-common
2026-05-13 13:22:59.756+0000 [id=121]	INFO	h.model.UpdateCenter$DownloadJob#run: Installation successful: mina-sshd-api-common
2026-05-13 13:22:59.759+0000 [id=121]	INFO	h.model.UpdateCenter$DownloadJob#run: Starting the installation of mina-sshd-api-core on behalf of admin
2026-05-13 13:22:59.778+0000 [id=121]	INFO	h.m.UpdateCenter$UpdateCenterConfiguration#download: Downloading mina-sshd-api-core
2026-05-13 13:23:03.029+0000 [id=121]	INFO	h.model.UpdateCenter$DownloadJob#run: Installation successful: mina-sshd-api-core
2026-05-13 13:23:03.030+0000 [id=121]	INFO	h.model.UpdateCenter$DownloadJob#run: Starting the installation of gson-api on behalf of admin
2026-05-13 13:23:03.037+0000 [id=121]	INFO	h.m.UpdateCenter$UpdateCenterConfiguration#download: Downloading gson-api
2026-05-13 13:23:06.232+0000 [id=121]	INFO	h.model.UpdateCenter$DownloadJob#run: Installation successful: gson-api
2026-05-13 13:23:06.233+0000 [id=121]	INFO	h.model.UpdateCenter$DownloadJob#run: Starting the installation of git-client on behalf of admin
2026-05-13 13:23:06.235+0000 [id=121]	INFO	h.m.UpdateCenter$UpdateCenterConfiguration#download: Downloading git-client
2026-05-13 13:23:09.696+0000 [id=121]	INFO	h.model.UpdateCenter$DownloadJob#run: Installation successful: git-client
2026-05-13 13:23:09.700+0000 [id=121]	INFO	h.model.UpdateCenter$DownloadJob#run: Starting the installation of git on behalf of admin
2026-05-13 13:23:09.703+0000 [id=121]	INFO	h.m.UpdateCenter$UpdateCenterConfiguration#download: Downloading git
2026-05-13 13:23:13.941+0000 [id=121]	INFO	h.model.UpdateCenter$DownloadJob#run: Installation successful: git
2026-05-13 13:23:13.942+0000 [id=121]	INFO	h.model.UpdateCenter$DownloadJob#run: Starting the installation of github on behalf of admin
2026-05-13 13:23:13.943+0000 [id=121]	INFO	h.m.UpdateCenter$UpdateCenterConfiguration#download: Downloading github
2026-05-13 13:23:17.564+0000 [id=121]	INFO	h.model.UpdateCenter$DownloadJob#run: Installation successful: github
2026-05-13 13:23:17.566+0000 [id=121]	INFO	h.model.UpdateCenter$DownloadJob#run: Starting the installation of github-branch-source on behalf of admin
2026-05-13 13:23:17.568+0000 [id=121]	INFO	h.m.UpdateCenter$UpdateCenterConfiguration#download: Downloading github-branch-source
2026-05-13 13:23:20.663+0000 [id=121]	INFO	h.model.UpdateCenter$DownloadJob#run: Installation successful: github-branch-source
2026-05-13 13:23:20.665+0000 [id=121]	INFO	h.model.UpdateCenter$DownloadJob#run: Starting the installation of pipeline-github-lib on behalf of admin
2026-05-13 13:23:20.668+0000 [id=121]	INFO	h.m.UpdateCenter$UpdateCenterConfiguration#download: Downloading pipeline-github-lib
2026-05-13 13:23:23.204+0000 [id=121]	INFO	h.model.UpdateCenter$DownloadJob#run: Installation successful: pipeline-github-lib
2026-05-13 13:23:23.207+0000 [id=121]	INFO	h.model.UpdateCenter$DownloadJob#run: Starting the installation of metrics on behalf of admin
2026-05-13 13:23:23.215+0000 [id=121]	INFO	h.m.UpdateCenter$UpdateCenterConfiguration#download: Downloading metrics
2026-05-13 13:23:27.058+0000 [id=121]	INFO	h.model.UpdateCenter$DownloadJob#run: Installation successful: metrics
2026-05-13 13:23:27.060+0000 [id=121]	INFO	h.model.UpdateCenter$DownloadJob#run: Starting the installation of pipeline-graph-view on behalf of admin
2026-05-13 13:23:27.060+0000 [id=121]	INFO	h.m.UpdateCenter$UpdateCenterConfiguration#download: Downloading pipeline-graph-view
2026-05-13 13:23:30.288+0000 [id=121]	INFO	h.model.UpdateCenter$DownloadJob#run: Installation successful: pipeline-graph-view
2026-05-13 13:23:30.291+0000 [id=121]	INFO	h.model.UpdateCenter$DownloadJob#run: Starting the installation of git on behalf of admin
2026-05-13 13:23:30.293+0000 [id=121]	INFO	h.m.UpdateCenter$InstallationJob#_run: Skipping duplicate install of: Git@5.10.1
2026-05-13 13:23:30.293+0000 [id=121]	INFO	h.model.UpdateCenter$DownloadJob#run: Installation successful: git
2026-05-13 13:23:30.293+0000 [id=121]	INFO	h.model.UpdateCenter$DownloadJob#run: Starting the installation of eddsa-api on behalf of admin
2026-05-13 13:23:30.315+0000 [id=121]	INFO	h.model.UpdateCenter$DownloadJob#run: Installation successful: eddsa-api
2026-05-13 13:23:30.315+0000 [id=121]	INFO	h.model.UpdateCenter$DownloadJob#run: Starting the installation of trilead-api on behalf of admin
2026-05-13 13:23:30.494+0000 [id=121]	INFO	h.model.UpdateCenter$DownloadJob#run: Installation successful: trilead-api
2026-05-13 13:23:30.495+0000 [id=121]	INFO	h.model.UpdateCenter$DownloadJob#run: Starting the installation of ssh-slaves on behalf of admin
2026-05-13 13:23:30.519+0000 [id=121]	INFO	h.m.UpdateCenter$UpdateCenterConfiguration#download: Downloading ssh-slaves
2026-05-13 13:23:33.883+0000 [id=121]	INFO	h.model.UpdateCenter$DownloadJob#run: Installation successful: ssh-slaves
2026-05-13 13:23:33.885+0000 [id=121]	INFO	h.model.UpdateCenter$DownloadJob#run: Starting the installation of matrix-auth on behalf of admin
2026-05-13 13:23:33.890+0000 [id=121]	INFO	h.m.UpdateCenter$UpdateCenterConfiguration#download: Downloading matrix-auth
2026-05-13 13:23:36.985+0000 [id=121]	INFO	h.model.UpdateCenter$DownloadJob#run: Installation successful: matrix-auth
2026-05-13 13:23:36.989+0000 [id=121]	INFO	h.model.UpdateCenter$DownloadJob#run: Starting the installation of ldap on behalf of admin
2026-05-13 13:23:36.993+0000 [id=121]	INFO	h.m.UpdateCenter$UpdateCenterConfiguration#download: Downloading ldap
2026-05-13 13:23:40.482+0000 [id=121]	INFO	h.model.UpdateCenter$DownloadJob#run: Installation successful: ldap
2026-05-13 13:23:40.485+0000 [id=121]	INFO	h.model.UpdateCenter$DownloadJob#run: Starting the installation of jsoup on behalf of admin
2026-05-13 13:23:40.487+0000 [id=121]	INFO	h.m.UpdateCenter$UpdateCenterConfiguration#download: Downloading jsoup
2026-05-13 13:23:43.044+0000 [id=121]	INFO	h.model.UpdateCenter$DownloadJob#run: Installation successful: jsoup
2026-05-13 13:23:43.046+0000 [id=121]	INFO	h.model.UpdateCenter$DownloadJob#run: Starting the installation of email-ext on behalf of admin
2026-05-13 13:23:43.048+0000 [id=121]	INFO	h.m.UpdateCenter$UpdateCenterConfiguration#download: Downloading email-ext
2026-05-13 13:23:45.315+0000 [id=121]	INFO	h.model.UpdateCenter$DownloadJob#run: Installation successful: email-ext
2026-05-13 13:23:45.319+0000 [id=121]	INFO	h.model.UpdateCenter$DownloadJob#run: Starting the installation of mailer on behalf of admin
2026-05-13 13:23:45.319+0000 [id=121]	INFO	h.m.UpdateCenter$InstallationJob#_run: Skipping duplicate install of: Mailer@534.v1b_36f5864073
2026-05-13 13:23:45.320+0000 [id=121]	INFO	h.model.UpdateCenter$DownloadJob#run: Installation successful: mailer
2026-05-13 13:23:45.320+0000 [id=121]	INFO	h.model.UpdateCenter$DownloadJob#run: Starting the installation of theme-manager on behalf of admin
2026-05-13 13:23:45.323+0000 [id=121]	INFO	h.m.UpdateCenter$UpdateCenterConfiguration#download: Downloading theme-manager
2026-05-13 13:23:47.257+0000 [id=121]	INFO	h.model.UpdateCenter$DownloadJob#run: Installation successful: theme-manager
2026-05-13 13:23:47.258+0000 [id=121]	INFO	h.model.UpdateCenter$DownloadJob#run: Starting the installation of dark-theme on behalf of admin
2026-05-13 13:23:47.259+0000 [id=121]	INFO	h.m.UpdateCenter$UpdateCenterConfiguration#download: Downloading dark-theme
2026-05-13 13:23:49.810+0000 [id=121]	INFO	h.model.UpdateCenter$DownloadJob#run: Installation successful: dark-theme
2026-05-13 13:23:49.813+0000 [id=121]	INFO	h.m.UpdateCenter$CompleteBatchJob#run: Completing installing of plugin batch…
2026-05-13 13:23:55.849+0000 [id=121]	INFO	h.p.b.g.GlobalTimeOutConfiguration#load: global timeout not set
2026-05-13 13:23:58.571+0000 [id=121]	INFO	h.m.DownloadService$Downloadable#load: Obtained the updated data file for hudson.tasks.Ant.AntInstaller
2026-05-13 13:24:01.535+0000 [id=121]	INFO	h.m.DownloadService$Downloadable#load: Obtained the updated data file for hudson.plugins.gradle.GradleInstaller
2026-05-13 13:24:03.382+0000 [id=309]	INFO	jenkins.InitReactorRunner$1#onAttained: Started initialization
2026-05-13 13:24:03.400+0000 [id=321]	INFO	jenkins.InitReactorRunner$1#onAttained: Listed all plugins
2026-05-13 13:24:03.402+0000 [id=324]	INFO	jenkins.InitReactorRunner$1#onAttained: Prepared all plugins
2026-05-13 13:24:03.437+0000 [id=309]	INFO	jenkins.InitReactorRunner$1#onAttained: Started all plugins
2026-05-13 13:24:03.440+0000 [id=323]	INFO	jenkins.InitReactorRunner$1#onAttained: Augmented all extensions
2026-05-13 13:24:03.480+0000 [id=321]	INFO	jenkins.InitReactorRunner$1#onAttained: System config loaded
2026-05-13 13:24:03.482+0000 [id=321]	INFO	jenkins.InitReactorRunner$1#onAttained: System config adapted
2026-05-13 13:24:03.727+0000 [id=322]	INFO	jenkins.InitReactorRunner$1#onAttained: Loaded all jobs
2026-05-13 13:24:03.728+0000 [id=311]	INFO	jenkins.InitReactorRunner$1#onAttained: Configuration for all jobs updated
2026-05-13 13:24:09.386+0000 [id=315]	INFO	jenkins.InitReactorRunner$1#onAttained: Completed initialization
2026-05-13 13:24:09.401+0000 [id=121]	INFO	h.m.UpdateCenter$CompleteBatchJob#run: Completed installation of 93 plugins in 3 min 59 sec
2026-05-13 14:33:34.611+0000 [id=1258]	INFO	hudson.PluginManager#install: Starting installation of a batch of 1 plugins plus their dependencies
2026-05-13 14:33:34.645+0000 [id=1258]	INFO	hudson.model.UpdateSite$Plugin#deploy: Adding dependent install of pipeline-rest-api for plugin pipeline-stage-view
2026-05-13 14:33:34.648+0000 [id=1258]	INFO	hudson.model.UpdateSite$Plugin#deploy: Adding dependent install of pipeline-graph-analysis for plugin pipeline-rest-api
2026-05-13 14:33:34.656+0000 [id=1287]	INFO	h.model.UpdateCenter$DownloadJob#run: Starting the installation of pipeline-graph-analysis on behalf of admin
2026-05-13 14:33:34.677+0000 [id=1287]	INFO	h.m.UpdateCenter$UpdateCenterConfiguration#download: Downloading pipeline-graph-analysis
2026-05-13 14:33:37.880+0000 [id=1287]	INFO	h.model.UpdateCenter$DownloadJob#run: Installation successful: pipeline-graph-analysis
2026-05-13 14:33:37.883+0000 [id=1287]	INFO	h.model.UpdateCenter$DownloadJob#run: Starting the installation of pipeline-rest-api on behalf of admin
2026-05-13 14:33:37.893+0000 [id=1287]	INFO	h.m.UpdateCenter$UpdateCenterConfiguration#download: Downloading pipeline-rest-api
2026-05-13 14:33:41.515+0000 [id=1287]	INFO	h.model.UpdateCenter$DownloadJob#run: Installation successful: pipeline-rest-api
2026-05-13 14:33:41.517+0000 [id=1287]	INFO	h.model.UpdateCenter$DownloadJob#run: Starting the installation of pipeline-stage-view on behalf of admin
2026-05-13 14:33:41.518+0000 [id=1287]	INFO	h.m.UpdateCenter$UpdateCenterConfiguration#download: Downloading pipeline-stage-view
2026-05-13 14:33:44.480+0000 [id=1287]	INFO	h.model.UpdateCenter$DownloadJob#run: Installation successful: pipeline-stage-view
2026-05-13 14:33:44.481+0000 [id=1287]	INFO	h.m.UpdateCenter$CompleteBatchJob#run: Completing installing of plugin batch…
2026-05-13 14:33:45.598+0000 [id=1297]	INFO	jenkins.InitReactorRunner$1#onAttained: Started initialization
2026-05-13 14:33:45.601+0000 [id=1301]	INFO	jenkins.InitReactorRunner$1#onAttained: Listed all plugins
2026-05-13 14:33:45.604+0000 [id=1306]	INFO	jenkins.InitReactorRunner$1#onAttained: Prepared all plugins
2026-05-13 14:33:45.607+0000 [id=1312]	INFO	jenkins.InitReactorRunner$1#onAttained: Started all plugins
2026-05-13 14:33:45.607+0000 [id=1297]	INFO	jenkins.InitReactorRunner$1#onAttained: Augmented all extensions
2026-05-13 14:33:45.607+0000 [id=1303]	INFO	jenkins.InitReactorRunner$1#onAttained: System config loaded
2026-05-13 14:33:45.607+0000 [id=1303]	INFO	jenkins.InitReactorRunner$1#onAttained: System config adapted
2026-05-13 14:33:45.607+0000 [id=1311]	INFO	jenkins.InitReactorRunner$1#onAttained: Loaded all jobs
2026-05-13 14:33:45.608+0000 [id=1305]	INFO	jenkins.InitReactorRunner$1#onAttained: Configuration for all jobs updated
2026-05-13 14:33:45.608+0000 [id=1309]	INFO	jenkins.InitReactorRunner$1#onAttained: Completed initialization
2026-05-13 14:33:45.610+0000 [id=1287]	INFO	h.m.UpdateCenter$CompleteBatchJob#run: Completed installation of 3 plugins in 10 sec
2026-05-13 15:00:16.276+0000 [id=985]	INFO	o.j.p.g.w.s.PingGHEventSubscriber#onEvent: PING webhook received from repo <https://github.com/YuvrajDesh/SpendSense>!
2026-05-13 15:00:33.331+0000 [id=1258]	INFO	o.j.p.g.w.s.DefaultPushGHEventSubscriber#onEvent: Received PushEvent for https://github.com/YuvrajDesh/SpendSense from 140.82.115.123 ⇒ https://unmelodramatically-unconserving-ada.ngrok-free.dev:8080/github-webhook/
2026-05-13 15:00:33.440+0000 [id=1258]	INFO	o.j.p.g.w.s.DefaultPushGHEventSubscriber$1#run: Poked SpendSense-Pipeline
2026-05-13 15:00:36.109+0000 [id=1448]	INFO	c.c.jenkins.GitHubPushTrigger$1#run: SCM changes detected in SpendSense-Pipeline. Triggering #3
2026-05-13 16:07:57.661+0000 [id=1810]	INFO	o.j.p.g.w.s.DefaultPushGHEventSubscriber#onEvent: Received PushEvent for https://github.com/YuvrajDesh/SpendSense from 140.82.115.113 ⇒ https://unmelodramatically-unconserving-ada.ngrok-free.dev:8080/github-webhook/
2026-05-13 16:07:57.910+0000 [id=1810]	INFO	o.j.p.g.w.s.DefaultPushGHEventSubscriber$1#run: Poked SpendSense-Pipeline
2026-05-13 16:08:00.241+0000 [id=2197]	INFO	c.c.jenkins.GitHubPushTrigger$1#run: SCM changes detected in SpendSense-Pipeline. Triggering #4
2026-05-16 09:22:53.649+0000 [id=7782]	INFO	hudson.util.Retrier#start: Attempt #1 to do the action check updates server
2026-05-16 09:23:02.032+0000 [id=7782]	INFO	h.m.DownloadService$Downloadable#load: Obtained the updated data file for hudson.tasks.Maven.MavenInstaller
2026-05-16 09:23:04.344+0000 [id=7782]	INFO	h.m.DownloadService$Downloadable#load: Obtained the updated data file for hudson.tasks.Ant.AntInstaller
2026-05-16 09:23:07.245+0000 [id=7782]	INFO	h.m.DownloadService$Downloadable#load: Obtained the updated data file for hudson.plugins.gradle.GradleInstaller
2026-05-16 09:23:07.246+0000 [id=7782]	INFO	hudson.util.Retrier#start: Performed the action check updates server successfully at the attempt #1
2026-05-17 04:37:26.984+0000 [id=1258]	INFO	o.j.p.g.w.s.PingGHEventSubscriber#onEvent: PING webhook received from repo <https://github.com/YuvrajDesh/SpendSense>!
2026-05-17 04:45:20.355+0000 [id=1890]	INFO	o.j.p.g.w.s.PingGHEventSubscriber#onEvent: PING webhook received from repo <https://github.com/YuvrajDesh/SpendSense>!
2026-05-17 04:46:49.138+0000 [id=2365]	INFO	o.j.p.g.w.s.PingGHEventSubscriber#onEvent: PING webhook received from repo <https://github.com/YuvrajDesh/SpendSense>!
2026-05-17 05:08:05.128+0000 [id=2365]	INFO	o.j.p.g.w.s.DefaultPushGHEventSubscriber#onEvent: Received PushEvent for https://github.com/YuvrajDesh/SpendSense from 140.82.115.242 ⇒ https://unmelodramatically-unconserving-ada.ngrok-free.dev:8080/github-webhook/
2026-05-17 05:08:05.154+0000 [id=2365]	INFO	o.j.p.g.w.s.DefaultPushGHEventSubscriber$1#run: Poked SpendSense-Pipeline
2026-05-17 05:08:06.898+0000 [id=10520]	INFO	c.c.jenkins.GitHubPushTrigger$1#run: SCM changes detected in SpendSense-Pipeline. Triggering #5
2026-05-17 05:54:55.381+0000 [id=10353]	INFO	o.j.p.g.w.s.DefaultPushGHEventSubscriber#onEvent: Received PushEvent for https://github.com/YuvrajDesh/SpendSense from 140.82.115.111 ⇒ https://unmelodramatically-unconserving-ada.ngrok-free.dev:8080/github-webhook/
2026-05-17 05:54:55.460+0000 [id=10353]	INFO	o.j.p.g.w.s.DefaultPushGHEventSubscriber$1#run: Poked SpendSense-Pipeline
2026-05-17 05:54:57.734+0000 [id=10996]	INFO	c.c.jenkins.GitHubPushTrigger$1#run: SCM changes detected in SpendSense-Pipeline. Triggering #6
2026-05-17 06:09:55.432+0000 [id=10637]	INFO	o.j.p.g.w.s.DefaultPushGHEventSubscriber#onEvent: Received PushEvent for https://github.com/YuvrajDesh/SpendSense from 140.82.115.98 ⇒ https://unmelodramatically-unconserving-ada.ngrok-free.dev:8080/github-webhook/
2026-05-17 06:09:55.476+0000 [id=10637]	INFO	o.j.p.g.w.s.DefaultPushGHEventSubscriber$1#run: Poked SpendSense-Pipeline
2026-05-17 06:09:57.223+0000 [id=11253]	INFO	c.c.jenkins.GitHubPushTrigger$1#run: SCM changes detected in SpendSense-Pipeline. Triggering #7
